Experiment dir : exps/rf_resnet20_base_rfstep3-test-20220126-171409
01/26 05:14:10 PM gpu device = 0
01/26 05:14:10 PM args = Namespace(arch='RFSTEP3', auxiliary=False, batch_size=256, cutout=False, cutout_length=16, data='/data/public/cifar', drop_path_prob=0.2, epochs=500, gpu=0, grad_clip=5, init_channels=36, layers=20, learning_rate=0.1, learning_rate_min=0.001, model_base='rf_resnet20', model_name='rf_resnet20_base_rfstep3', model_path='exps/search-exp-20191220-160515/weights.pt', momentum=0.9, report_freq=100, save='rf_resnet20_base_rfstep3-test-20220126-171409', seed=0, weight_decay=0.001)
01/26 05:14:10 PM genotype = Genotype(normal=[('max_pool_3x3', 0), ('max_pool_3x3', 0), ('noise', 1), ('avg_pool_5x5', 0), ('noise', 1), ('noise', 2)], normal_concat=range(0, 4))
[INFO] Register count_convNd() for <class 'torch.nn.modules.conv.Conv2d'>.
[INFO] Register count_bn() for <class 'torch.nn.modules.batchnorm.BatchNorm2d'>.
[INFO] Register zero_ops() for <class 'torch.nn.modules.activation.ReLU'>.
[91m[WARN] Cannot find rule for <class 'torch.nn.modules.container.Sequential'>. Treat it as zero Macs and zero Params.[00m
[INFO] Register zero_ops() for <class 'torch.nn.modules.pooling.MaxPool2d'>.
[91m[WARN] Cannot find rule for <class 'space.operations.NoiseOp'>. Treat it as zero Macs and zero Params.[00m
[INFO] Register count_avgpool() for <class 'torch.nn.modules.pooling.AvgPool2d'>.
[91m[WARN] Cannot find rule for <class 'torch.nn.modules.container.ModuleList'>. Treat it as zero Macs and zero Params.[00m
[91m[WARN] Cannot find rule for <class 'retrain.basemodel.ReceptiveFieldAttention'>. Treat it as zero Macs and zero Params.[00m
[91m[WARN] Cannot find rule for <class 'retrain.basemodel.CifarRFBasicBlock'>. Treat it as zero Macs and zero Params.[00m
[INFO] Register count_adap_avgpool() for <class 'torch.nn.modules.pooling.AdaptiveAvgPool2d'>.
[INFO] Register count_linear() for <class 'torch.nn.modules.linear.Linear'>.
[91m[WARN] Cannot find rule for <class 'retrain.basemodel.CifarAttentionResNet'>. Treat it as zero Macs and zero Params.[00m
[91m[WARN] Cannot find rule for <class 'retrain.studentnet.Network'>. Treat it as zero Macs and zero Params.[00m
01/26 05:14:22 PM flops:0.11637696G params: 0.35849M
01/26 05:14:22 PM param size = 0.358490MB
Files already downloaded and verified
01/26 05:14:23 PM param size = 0.358490MB
Files already downloaded and verified
/HOME/scz0088/.conda/envs/hb/lib/python3.7/site-packages/torch/optim/lr_scheduler.py:134: UserWarning: Detected call of `lr_scheduler.step()` before `optimizer.step()`. In PyTorch 1.1.0 and later, you should call them in the opposite order: `optimizer.step()` before `lr_scheduler.step()`.  Failure to do this will result in PyTorch skipping the first value of the learning rate schedule. See more details at https://pytorch.org/docs/stable/optim.html#how-to-adjust-learning-rate
  "https://pytorch.org/docs/stable/optim.html#how-to-adjust-learning-rate", UserWarning)
01/26 05:14:27 PM train 000 2.464 8.98 51.56
01/26 05:14:31 PM train 100 1.967 26.16 79.72
01/26 05:14:35 PM train_acc 30.728000
tools/retrain.py:237: UserWarning: volatile was removed and now has no effect. Use `with torch.no_grad():` instead.
  input = Variable(input, volatile=True).cuda()
tools/retrain.py:238: UserWarning: volatile was removed and now has no effect. Use `with torch.no_grad():` instead.
  target = Variable(target, volatile=True).cuda()
01/26 05:14:36 PM valid epoch 0, valid_acc 39.16, best_acc 39.16
01/26 05:14:36 PM train 000 1.472 43.36 93.36
01/26 05:14:40 PM train 100 1.519 43.28 91.53
01/26 05:14:44 PM train_acc 46.236000
01/26 05:14:45 PM valid epoch 1, valid_acc 49.26, best_acc 49.26
01/26 05:14:45 PM train 000 1.213 56.64 94.14
01/26 05:14:49 PM train 100 1.252 54.42 94.72
01/26 05:14:53 PM train_acc 56.506000
01/26 05:14:54 PM valid epoch 2, valid_acc 54.94, best_acc 54.94
01/26 05:14:54 PM train 000 0.961 67.58 97.66
01/26 05:14:58 PM train 100 1.067 61.80 96.28
01/26 05:15:02 PM train_acc 63.188000
01/26 05:15:02 PM valid epoch 3, valid_acc 59.27, best_acc 59.27
01/26 05:15:03 PM train 000 0.846 67.97 98.44
01/26 05:15:07 PM train 100 0.954 65.69 97.05
01/26 05:15:10 PM train_acc 66.824000
01/26 05:15:11 PM valid epoch 4, valid_acc 66.26, best_acc 66.26
01/26 05:15:12 PM train 000 0.788 69.92 97.66
01/26 05:15:16 PM train 100 0.866 69.26 97.73
01/26 05:15:19 PM train_acc 70.366000
01/26 05:15:20 PM valid epoch 5, valid_acc 69.34, best_acc 69.34
01/26 05:15:20 PM train 000 0.666 78.12 98.83
01/26 05:15:24 PM train 100 0.791 72.43 98.09
01/26 05:15:28 PM train_acc 72.808000
01/26 05:15:29 PM train 000 0.638 77.73 99.22
01/26 05:15:33 PM train 100 0.760 73.50 98.26
01/26 05:15:37 PM train_acc 74.160000
01/26 05:15:38 PM train 000 0.630 78.12 99.22
01/26 05:15:42 PM train 100 0.724 74.94 98.25
01/26 05:15:46 PM train_acc 75.166000
01/26 05:15:47 PM train 000 0.643 78.91 98.05
01/26 05:15:51 PM train 100 0.707 75.68 98.46
01/26 05:15:55 PM train_acc 75.862000
01/26 05:15:56 PM train 000 0.562 79.69 98.83
01/26 05:16:00 PM train 100 0.684 76.28 98.48
01/26 05:16:04 PM train_acc 76.762000
01/26 05:16:05 PM valid epoch 10, valid_acc 70.86, best_acc 70.86
01/26 05:16:05 PM train 000 0.553 81.64 99.22
01/26 05:16:09 PM train 100 0.655 77.17 98.63
01/26 05:16:13 PM train_acc 77.382000
01/26 05:16:14 PM train 000 0.544 81.25 99.22
01/26 05:16:18 PM train 100 0.652 77.40 98.61
01/26 05:16:22 PM train_acc 77.776000
01/26 05:16:23 PM valid epoch 12, valid_acc 72.50, best_acc 72.50
01/26 05:16:23 PM train 000 0.509 80.86 99.61
01/26 05:16:27 PM train 100 0.640 77.85 98.68
01/26 05:16:31 PM train_acc 78.210000
01/26 05:16:32 PM train 000 0.575 79.30 98.83
01/26 05:16:36 PM train 100 0.639 77.87 98.77
01/26 05:16:40 PM train_acc 78.254000
01/26 05:16:41 PM valid epoch 14, valid_acc 74.88, best_acc 74.88
01/26 05:16:41 PM train 000 0.462 84.38 100.00
01/26 05:16:45 PM train 100 0.619 78.76 98.80
01/26 05:16:49 PM train_acc 78.850000
01/26 05:16:50 PM train 000 0.476 84.38 99.22
01/26 05:16:54 PM train 100 0.616 78.77 98.79
01/26 05:16:58 PM train_acc 78.980000
01/26 05:16:59 PM train 000 0.504 83.20 99.22
01/26 05:17:03 PM train 100 0.601 79.32 98.82
01/26 05:17:07 PM train_acc 79.522000
01/26 05:17:08 PM train 000 0.527 81.25 99.61
01/26 05:17:12 PM train 100 0.603 79.23 98.72
01/26 05:17:16 PM train_acc 79.598000
01/26 05:17:17 PM train 000 0.481 83.59 98.83
01/26 05:17:21 PM train 100 0.587 79.78 98.87
01/26 05:17:25 PM train_acc 79.930000
01/26 05:17:26 PM train 000 0.457 85.16 99.22
01/26 05:17:30 PM train 100 0.581 80.03 98.87
01/26 05:17:33 PM train_acc 79.810000
01/26 05:17:35 PM train 000 0.542 82.03 99.22
01/26 05:17:39 PM train 100 0.586 79.69 98.94
01/26 05:17:43 PM train_acc 79.860000
01/26 05:17:44 PM train 000 0.485 83.59 99.61
01/26 05:17:48 PM train 100 0.571 80.40 98.86
01/26 05:17:51 PM train_acc 80.394000
01/26 05:17:53 PM train 000 0.590 78.91 99.61
01/26 05:17:57 PM train 100 0.572 80.38 98.88
01/26 05:18:00 PM train_acc 80.472000
01/26 05:18:02 PM train 000 0.420 84.77 100.00
01/26 05:18:06 PM train 100 0.562 80.68 98.98
01/26 05:18:09 PM train_acc 80.656000
01/26 05:18:11 PM train 000 0.495 81.25 100.00
01/26 05:18:15 PM train 100 0.563 80.48 98.99
01/26 05:18:18 PM train_acc 80.568000
01/26 05:18:19 PM valid epoch 25, valid_acc 76.22, best_acc 76.22
01/26 05:18:20 PM train 000 0.529 83.20 98.44
01/26 05:18:24 PM train 100 0.570 80.23 98.97
01/26 05:18:27 PM train_acc 80.706000
01/26 05:18:29 PM train 000 0.508 82.03 99.22
01/26 05:18:33 PM train 100 0.570 80.39 98.93
01/26 05:18:37 PM train_acc 80.652000
01/26 05:18:38 PM train 000 0.449 84.77 100.00
01/26 05:18:42 PM train 100 0.566 80.43 99.15
01/26 05:18:46 PM train_acc 80.950000
01/26 05:18:47 PM train 000 0.524 81.64 99.61
01/26 05:18:51 PM train 100 0.556 80.79 98.95
01/26 05:18:55 PM train_acc 81.020000
01/26 05:18:55 PM valid epoch 29, valid_acc 76.90, best_acc 76.90
01/26 05:18:56 PM train 000 0.487 85.16 99.61
01/26 05:19:00 PM train 100 0.539 81.28 99.01
01/26 05:19:04 PM train_acc 81.202000
01/26 05:19:05 PM train 000 0.465 84.38 99.61
01/26 05:19:09 PM train 100 0.554 80.80 98.98
01/26 05:19:13 PM train_acc 81.154000
01/26 05:19:14 PM train 000 0.463 83.59 99.61
01/26 05:19:18 PM train 100 0.556 80.78 99.00
01/26 05:19:22 PM train_acc 81.086000
01/26 05:19:23 PM train 000 0.496 83.59 98.44
01/26 05:19:27 PM train 100 0.544 81.37 99.02
01/26 05:19:31 PM train_acc 81.520000
01/26 05:19:32 PM train 000 0.420 85.55 99.22
01/26 05:19:36 PM train 100 0.540 81.49 99.02
01/26 05:19:40 PM train_acc 81.588000
01/26 05:19:41 PM train 000 0.415 85.16 99.61
01/26 05:19:45 PM train 100 0.534 81.68 99.02
01/26 05:19:49 PM train_acc 81.890000
01/26 05:19:50 PM train 000 0.447 82.81 100.00
01/26 05:19:54 PM train 100 0.553 81.07 98.91
01/26 05:19:58 PM train_acc 81.356000
01/26 05:19:59 PM train 000 0.469 82.03 99.22
01/26 05:20:03 PM train 100 0.526 81.78 99.06
01/26 05:20:07 PM train_acc 81.856000
01/26 05:20:08 PM train 000 0.463 83.98 99.22
01/26 05:20:12 PM train 100 0.539 81.59 99.04
01/26 05:20:16 PM train_acc 81.732000
01/26 05:20:17 PM train 000 0.445 87.50 99.22
01/26 05:20:21 PM train 100 0.530 81.86 99.10
01/26 05:20:25 PM train_acc 81.866000
01/26 05:20:26 PM train 000 0.449 82.42 99.61
01/26 05:20:30 PM train 100 0.531 81.87 99.01
01/26 05:20:34 PM train_acc 82.006000
01/26 05:20:35 PM train 000 0.464 84.38 99.22
01/26 05:20:39 PM train 100 0.534 81.75 99.00
01/26 05:20:43 PM train_acc 81.978000
01/26 05:20:44 PM valid epoch 41, valid_acc 77.54, best_acc 77.54
01/26 05:20:44 PM train 000 0.447 83.20 99.61
01/26 05:20:49 PM train 100 0.544 81.25 99.11
01/26 05:20:52 PM train_acc 81.800000
01/26 05:20:54 PM train 000 0.481 82.03 98.83
01/26 05:20:58 PM train 100 0.538 81.31 99.03
01/26 05:21:01 PM train_acc 81.828000
01/26 05:21:03 PM train 000 0.421 87.11 99.61
01/26 05:21:07 PM train 100 0.521 82.13 99.08
01/26 05:21:10 PM train_acc 82.240000
01/26 05:21:12 PM train 000 0.424 85.16 100.00
01/26 05:21:16 PM train 100 0.519 82.12 99.06
01/26 05:21:20 PM train_acc 82.170000
01/26 05:21:21 PM train 000 0.466 83.59 99.61
01/26 05:21:25 PM train 100 0.518 82.20 99.01
01/26 05:21:29 PM train_acc 82.410000
01/26 05:21:30 PM train 000 0.455 85.16 99.22
01/26 05:21:34 PM train 100 0.526 81.89 99.20
01/26 05:21:38 PM train_acc 81.924000
01/26 05:21:39 PM train 000 0.441 85.16 99.22
01/26 05:21:43 PM train 100 0.515 82.31 99.13
01/26 05:21:47 PM train_acc 82.380000
01/26 05:21:48 PM train 000 0.409 85.94 99.61
01/26 05:21:52 PM train 100 0.516 82.21 99.13
01/26 05:21:56 PM train_acc 82.330000
01/26 05:21:57 PM valid epoch 49, valid_acc 77.64, best_acc 77.64
01/26 05:21:57 PM train 000 0.397 85.16 99.22
01/26 05:22:01 PM train 100 0.514 82.51 99.07
01/26 05:22:05 PM train_acc 82.598000
01/26 05:22:06 PM train 000 0.405 85.55 99.22
01/26 05:22:10 PM train 100 0.517 82.22 99.13
01/26 05:22:14 PM train_acc 82.528000
01/26 05:22:15 PM train 000 0.481 83.59 99.22
01/26 05:22:19 PM train 100 0.534 81.87 99.08
01/26 05:22:23 PM train_acc 82.444000
01/26 05:22:24 PM train 000 0.437 86.72 99.22
01/26 05:22:29 PM train 100 0.522 82.12 99.04
01/26 05:22:32 PM train_acc 82.382000
01/26 05:22:34 PM train 000 0.345 87.89 100.00
01/26 05:22:38 PM train 100 0.516 82.31 99.15
01/26 05:22:42 PM train_acc 82.430000
01/26 05:22:43 PM train 000 0.503 84.38 98.83
01/26 05:22:47 PM train 100 0.507 82.56 99.12
01/26 05:22:51 PM train_acc 82.950000
01/26 05:22:52 PM train 000 0.462 83.98 99.22
01/26 05:22:56 PM train 100 0.516 82.34 99.16
01/26 05:23:00 PM train_acc 82.620000
01/26 05:23:01 PM train 000 0.454 82.81 99.22
01/26 05:23:05 PM train 100 0.522 81.80 99.01
01/26 05:23:09 PM train_acc 82.230000
01/26 05:23:10 PM train 000 0.414 84.38 99.22
01/26 05:23:14 PM train 100 0.511 82.41 99.08
01/26 05:23:18 PM train_acc 82.788000
01/26 05:23:19 PM train 000 0.423 86.33 100.00
01/26 05:23:23 PM train 100 0.507 82.48 99.18
01/26 05:23:27 PM train_acc 82.560000
01/26 05:23:28 PM train 000 0.366 86.72 99.22
01/26 05:23:32 PM train 100 0.504 82.68 99.08
01/26 05:23:36 PM train_acc 82.670000
01/26 05:23:37 PM train 000 0.430 86.72 98.83
01/26 05:23:41 PM train 100 0.519 82.23 99.08
01/26 05:23:45 PM train_acc 82.720000
01/26 05:23:46 PM valid epoch 61, valid_acc 78.22, best_acc 78.22
01/26 05:23:46 PM train 000 0.426 85.16 98.83
01/26 05:23:50 PM train 100 0.506 82.48 99.13
01/26 05:23:54 PM train_acc 82.654000
01/26 05:23:55 PM train 000 0.421 85.16 100.00
01/26 05:23:59 PM train 100 0.497 82.84 99.18
01/26 05:24:03 PM train_acc 82.792000
01/26 05:24:04 PM train 000 0.411 86.33 100.00
01/26 05:24:09 PM train 100 0.503 82.62 99.15
01/26 05:24:12 PM train_acc 82.948000
01/26 05:24:13 PM valid epoch 64, valid_acc 79.07, best_acc 79.07
01/26 05:24:14 PM train 000 0.395 87.11 100.00
01/26 05:24:18 PM train 100 0.502 82.89 99.13
01/26 05:24:22 PM train_acc 82.872000
01/26 05:24:23 PM train 000 0.474 83.98 99.61
01/26 05:24:27 PM train 100 0.498 82.91 99.12
01/26 05:24:31 PM train_acc 82.944000
01/26 05:24:32 PM train 000 0.405 86.72 99.61
01/26 05:24:36 PM train 100 0.500 82.98 99.09
01/26 05:24:40 PM train_acc 83.208000
01/26 05:24:41 PM train 000 0.471 82.03 100.00
01/26 05:24:45 PM train 100 0.498 82.71 99.18
01/26 05:24:49 PM train_acc 83.030000
01/26 05:24:50 PM train 000 0.442 82.81 99.61
01/26 05:24:54 PM train 100 0.505 82.62 99.12
01/26 05:24:58 PM train_acc 82.914000
01/26 05:24:59 PM train 000 0.427 86.33 98.83
01/26 05:25:03 PM train 100 0.499 82.87 99.18
01/26 05:25:07 PM train_acc 83.106000
01/26 05:25:08 PM train 000 0.385 86.72 98.83
01/26 05:25:12 PM train 100 0.496 82.96 99.11
01/26 05:25:16 PM train_acc 83.306000
01/26 05:25:17 PM train 000 0.456 82.03 99.22
01/26 05:25:21 PM train 100 0.498 82.96 99.17
01/26 05:25:25 PM train_acc 83.298000
01/26 05:25:26 PM train 000 0.428 85.94 99.22
01/26 05:25:30 PM train 100 0.500 82.97 99.18
01/26 05:25:34 PM train_acc 83.278000
01/26 05:25:35 PM train 000 0.401 85.94 99.22
01/26 05:25:39 PM train 100 0.494 82.87 99.08
01/26 05:25:43 PM train_acc 83.152000
01/26 05:25:44 PM train 000 0.454 85.16 99.61
01/26 05:25:48 PM train 100 0.496 83.08 99.18
01/26 05:25:52 PM train_acc 83.324000
01/26 05:25:53 PM train 000 0.376 84.38 99.61
01/26 05:25:57 PM train 100 0.496 82.86 99.22
01/26 05:26:01 PM train_acc 83.142000
01/26 05:26:02 PM train 000 0.379 87.89 99.22
01/26 05:26:06 PM train 100 0.499 82.63 99.17
01/26 05:26:10 PM train_acc 83.214000
01/26 05:26:11 PM train 000 0.420 84.77 99.61
01/26 05:26:15 PM train 100 0.479 83.49 99.23
01/26 05:26:19 PM train_acc 83.444000
01/26 05:26:20 PM valid epoch 78, valid_acc 80.02, best_acc 80.02
01/26 05:26:21 PM train 000 0.417 87.11 98.05
01/26 05:26:25 PM train 100 0.478 83.58 99.18
01/26 05:26:28 PM train_acc 83.490000
01/26 05:26:30 PM train 000 0.362 85.16 99.61
01/26 05:26:34 PM train 100 0.487 83.06 99.23
01/26 05:26:38 PM train_acc 83.508000
01/26 05:26:39 PM train 000 0.430 84.77 99.22
01/26 05:26:43 PM train 100 0.493 82.91 99.15
01/26 05:26:47 PM train_acc 83.304000
01/26 05:26:48 PM train 000 0.371 89.06 99.22
01/26 05:26:52 PM train 100 0.490 83.22 99.16
01/26 05:26:56 PM train_acc 83.246000
01/26 05:26:57 PM train 000 0.421 82.81 99.22
01/26 05:27:01 PM train 100 0.478 83.76 99.18
01/26 05:27:05 PM train_acc 83.774000
01/26 05:27:06 PM train 000 0.401 86.33 99.61
01/26 05:27:10 PM train 100 0.491 83.37 99.13
01/26 05:27:14 PM train_acc 83.496000
01/26 05:27:15 PM train 000 0.421 85.94 99.22
01/26 05:27:19 PM train 100 0.489 82.98 99.24
01/26 05:27:23 PM train_acc 83.332000
01/26 05:27:24 PM train 000 0.402 84.38 98.83
01/26 05:27:28 PM train 100 0.487 83.37 99.13
01/26 05:27:32 PM train_acc 83.640000
01/26 05:27:33 PM train 000 0.418 85.94 98.83
01/26 05:27:37 PM train 100 0.481 83.46 99.22
01/26 05:27:41 PM train_acc 83.540000
01/26 05:27:42 PM train 000 0.416 85.55 98.44
01/26 05:27:46 PM train 100 0.483 83.67 99.19
01/26 05:27:50 PM train_acc 83.596000
01/26 05:27:52 PM train 000 0.418 85.55 99.61
01/26 05:27:56 PM train 100 0.488 83.23 99.19
01/26 05:28:00 PM train_acc 83.606000
01/26 05:28:01 PM train 000 0.398 85.16 99.61
01/26 05:28:05 PM train 100 0.483 83.65 99.15
01/26 05:28:09 PM train_acc 83.686000
01/26 05:28:10 PM train 000 0.342 88.28 99.22
01/26 05:28:14 PM train 100 0.481 83.63 99.25
01/26 05:28:18 PM train_acc 83.782000
01/26 05:28:19 PM train 000 0.412 85.55 99.22
01/26 05:28:23 PM train 100 0.478 83.47 99.25
01/26 05:28:27 PM train_acc 83.670000
01/26 05:28:28 PM train 000 0.428 87.11 98.83
01/26 05:28:32 PM train 100 0.482 83.66 99.22
01/26 05:28:36 PM train_acc 83.578000
01/26 05:28:37 PM train 000 0.377 88.67 99.61
01/26 05:28:41 PM train 100 0.474 83.81 99.20
01/26 05:28:45 PM train_acc 83.870000
01/26 05:28:46 PM train 000 0.372 89.84 98.83
01/26 05:28:50 PM train 100 0.486 83.19 99.16
01/26 05:28:54 PM train_acc 83.282000
01/26 05:28:55 PM train 000 0.373 88.28 99.61
01/26 05:28:59 PM train 100 0.477 83.72 99.22
01/26 05:29:03 PM train_acc 83.778000
01/26 05:29:04 PM train 000 0.370 86.33 99.61
01/26 05:29:08 PM train 100 0.476 83.64 99.25
01/26 05:29:12 PM train_acc 83.944000
01/26 05:29:13 PM train 000 0.412 86.72 99.22
01/26 05:29:17 PM train 100 0.485 83.14 99.13
01/26 05:29:21 PM train_acc 83.404000
01/26 05:29:22 PM train 000 0.411 86.72 99.61
01/26 05:29:26 PM train 100 0.482 83.43 99.19
01/26 05:29:30 PM train_acc 83.634000
01/26 05:29:31 PM train 000 0.449 83.20 99.61
01/26 05:29:36 PM train 100 0.479 83.52 99.17
01/26 05:29:39 PM train_acc 83.786000
01/26 05:29:41 PM train 000 0.336 90.62 99.22
01/26 05:29:45 PM train 100 0.481 83.41 99.25
01/26 05:29:49 PM train_acc 83.698000
01/26 05:29:50 PM train 000 0.384 86.33 99.61
01/26 05:29:54 PM train 100 0.473 83.84 99.29
01/26 05:29:58 PM train_acc 84.024000
01/26 05:29:59 PM train 000 0.386 85.55 99.61
01/26 05:30:03 PM train 100 0.470 83.89 99.23
01/26 05:30:07 PM train_acc 83.960000
01/26 05:30:08 PM train 000 0.334 88.28 99.61
01/26 05:30:12 PM train 100 0.472 83.63 99.24
01/26 05:30:16 PM train_acc 83.802000
01/26 05:30:17 PM train 000 0.345 88.67 99.22
01/26 05:30:21 PM train 100 0.474 83.83 99.19
01/26 05:30:25 PM train_acc 83.954000
01/26 05:30:26 PM train 000 0.390 85.94 99.61
01/26 05:30:30 PM train 100 0.471 84.07 99.21
01/26 05:30:34 PM train_acc 84.086000
01/26 05:30:35 PM train 000 0.447 86.33 99.22
01/26 05:30:39 PM train 100 0.477 83.86 99.16
01/26 05:30:43 PM train_acc 84.216000
01/26 05:30:44 PM train 000 0.358 87.11 98.83
01/26 05:30:48 PM train 100 0.471 83.95 99.19
01/26 05:30:52 PM train_acc 84.098000
01/26 05:30:53 PM train 000 0.393 87.50 99.22
01/26 05:30:57 PM train 100 0.472 83.91 99.18
01/26 05:31:01 PM train_acc 83.908000
01/26 05:31:02 PM train 000 0.392 86.72 99.61
01/26 05:31:06 PM train 100 0.472 83.82 99.20
01/26 05:31:10 PM train_acc 84.136000
01/26 05:31:11 PM train 000 0.354 87.11 100.00
01/26 05:31:15 PM train 100 0.459 84.02 99.32
01/26 05:31:19 PM train_acc 84.070000
01/26 05:31:20 PM train 000 0.332 87.11 99.61
01/26 05:31:24 PM train 100 0.475 83.61 99.21
01/26 05:31:28 PM train_acc 83.840000
01/26 05:31:30 PM train 000 0.338 88.67 99.61
01/26 05:31:34 PM train 100 0.469 83.92 99.23
01/26 05:31:38 PM train_acc 84.008000
01/26 05:31:39 PM train 000 0.390 87.50 100.00
01/26 05:31:43 PM train 100 0.460 84.29 99.29
01/26 05:31:47 PM train_acc 84.280000
01/26 05:31:48 PM train 000 0.372 87.50 100.00
01/26 05:31:52 PM train 100 0.465 84.09 99.25
01/26 05:31:56 PM train_acc 84.094000
01/26 05:31:57 PM train 000 0.305 90.23 100.00
01/26 05:32:01 PM train 100 0.461 84.18 99.24
01/26 05:32:05 PM train_acc 84.440000
01/26 05:32:06 PM train 000 0.416 87.50 99.61
01/26 05:32:10 PM train 100 0.463 84.35 99.27
01/26 05:32:14 PM train_acc 84.460000
01/26 05:32:15 PM train 000 0.414 86.33 99.61
01/26 05:32:19 PM train 100 0.463 84.15 99.29
01/26 05:32:23 PM train_acc 84.072000
01/26 05:32:24 PM train 000 0.362 87.50 99.61
01/26 05:32:28 PM train 100 0.459 84.14 99.22
01/26 05:32:32 PM train_acc 84.302000
01/26 05:32:33 PM train 000 0.428 84.77 98.83
01/26 05:32:37 PM train 100 0.457 84.22 99.24
01/26 05:32:41 PM train_acc 84.124000
01/26 05:32:42 PM train 000 0.374 86.33 99.61
01/26 05:32:46 PM train 100 0.465 83.93 99.23
01/26 05:32:50 PM train_acc 84.162000
01/26 05:32:51 PM train 000 0.356 87.89 100.00
01/26 05:32:55 PM train 100 0.461 84.24 99.31
01/26 05:32:59 PM train_acc 84.354000
01/26 05:33:00 PM train 000 0.327 90.23 98.83
01/26 05:33:04 PM train 100 0.458 84.45 99.25
01/26 05:33:08 PM train_acc 84.496000
01/26 05:33:09 PM train 000 0.367 86.72 100.00
01/26 05:33:14 PM train 100 0.462 84.07 99.20
01/26 05:33:17 PM train_acc 84.068000
01/26 05:33:19 PM train 000 0.335 88.28 99.61
01/26 05:33:23 PM train 100 0.464 84.28 99.20
01/26 05:33:26 PM train_acc 84.460000
01/26 05:33:28 PM train 000 0.381 86.72 99.22
01/26 05:33:32 PM train 100 0.458 84.12 99.35
01/26 05:33:36 PM train_acc 84.260000
01/26 05:33:36 PM valid epoch 126, valid_acc 81.63, best_acc 81.63
01/26 05:33:37 PM train 000 0.364 87.50 99.61
01/26 05:33:41 PM train 100 0.460 84.23 99.28
01/26 05:33:45 PM train_acc 84.510000
01/26 05:33:46 PM train 000 0.345 90.23 99.61
01/26 05:33:50 PM train 100 0.458 84.38 99.30
01/26 05:33:54 PM train_acc 84.470000
01/26 05:33:55 PM train 000 0.340 88.28 99.61
01/26 05:33:59 PM train 100 0.464 84.09 99.17
01/26 05:34:03 PM train_acc 84.490000
01/26 05:34:04 PM train 000 0.335 87.11 99.22
01/26 05:34:08 PM train 100 0.462 83.98 99.28
01/26 05:34:12 PM train_acc 84.104000
01/26 05:34:13 PM train 000 0.330 89.84 100.00
01/26 05:34:17 PM train 100 0.449 84.49 99.36
01/26 05:34:21 PM train_acc 84.520000
01/26 05:34:22 PM train 000 0.402 86.72 99.61
01/26 05:34:26 PM train 100 0.461 84.47 99.23
01/26 05:34:30 PM train_acc 84.472000
01/26 05:34:31 PM train 000 0.369 87.11 100.00
01/26 05:34:35 PM train 100 0.455 84.42 99.35
01/26 05:34:39 PM train_acc 84.642000
01/26 05:34:40 PM train 000 0.320 88.28 100.00
01/26 05:34:44 PM train 100 0.460 84.35 99.34
01/26 05:34:48 PM train_acc 84.728000
01/26 05:34:49 PM train 000 0.389 86.72 98.44
01/26 05:34:53 PM train 100 0.457 84.48 99.23
01/26 05:34:57 PM train_acc 84.518000
01/26 05:34:58 PM train 000 0.393 88.28 98.83
01/26 05:35:02 PM train 100 0.448 84.72 99.21
01/26 05:35:06 PM train_acc 84.720000
01/26 05:35:07 PM train 000 0.360 87.50 100.00
01/26 05:35:11 PM train 100 0.453 84.46 99.31
01/26 05:35:15 PM train_acc 84.534000
01/26 05:35:16 PM train 000 0.447 85.55 100.00
01/26 05:35:20 PM train 100 0.450 84.51 99.32
01/26 05:35:24 PM train_acc 84.820000
01/26 05:35:26 PM train 000 0.344 87.89 98.05
01/26 05:35:30 PM train 100 0.456 84.24 99.27
01/26 05:35:34 PM train_acc 84.550000
01/26 05:35:35 PM train 000 0.416 85.55 100.00
01/26 05:35:39 PM train 100 0.456 84.38 99.33
01/26 05:35:43 PM train_acc 84.632000
01/26 05:35:44 PM train 000 0.418 85.94 98.83
01/26 05:35:48 PM train 100 0.441 84.87 99.30
01/26 05:35:52 PM train_acc 84.822000
01/26 05:35:53 PM train 000 0.388 85.55 99.22
01/26 05:35:57 PM train 100 0.444 84.87 99.36
01/26 05:36:01 PM train_acc 84.920000
01/26 05:36:02 PM train 000 0.359 89.45 99.61
01/26 05:36:06 PM train 100 0.444 84.67 99.28
01/26 05:36:10 PM train_acc 84.486000
01/26 05:36:11 PM train 000 0.332 87.11 99.61
01/26 05:36:15 PM train 100 0.442 84.96 99.31
01/26 05:36:19 PM train_acc 84.882000
01/26 05:36:20 PM train 000 0.386 87.50 99.22
01/26 05:36:24 PM train 100 0.441 84.65 99.32
01/26 05:36:28 PM train_acc 84.646000
01/26 05:36:29 PM train 000 0.404 85.16 100.00
01/26 05:36:33 PM train 100 0.443 84.68 99.34
01/26 05:36:37 PM train_acc 84.882000
01/26 05:36:38 PM train 000 0.443 86.33 99.61
01/26 05:36:42 PM train 100 0.444 84.68 99.44
01/26 05:36:46 PM train_acc 84.784000
01/26 05:36:47 PM train 000 0.323 90.62 100.00
01/26 05:36:51 PM train 100 0.447 84.73 99.28
01/26 05:36:55 PM train_acc 85.060000
01/26 05:36:56 PM train 000 0.316 91.02 99.61
01/26 05:37:00 PM train 100 0.445 84.69 99.35
01/26 05:37:04 PM train_acc 85.176000
01/26 05:37:05 PM train 000 0.317 88.28 100.00
01/26 05:37:09 PM train 100 0.453 84.44 99.31
01/26 05:37:13 PM train_acc 84.902000
01/26 05:37:14 PM train 000 0.351 87.89 99.61
01/26 05:37:18 PM train 100 0.451 84.30 99.35
01/26 05:37:22 PM train_acc 84.728000
01/26 05:37:23 PM train 000 0.314 87.89 99.61
01/26 05:37:27 PM train 100 0.436 85.02 99.30
01/26 05:37:31 PM train_acc 85.276000
01/26 05:37:32 PM train 000 0.326 89.84 99.61
01/26 05:37:36 PM train 100 0.451 84.70 99.34
01/26 05:37:40 PM train_acc 84.902000
01/26 05:37:41 PM train 000 0.363 89.06 99.22
01/26 05:37:45 PM train 100 0.440 84.84 99.39
01/26 05:37:49 PM train_acc 85.120000
01/26 05:37:50 PM train 000 0.363 85.55 100.00
01/26 05:37:54 PM train 100 0.435 84.99 99.35
01/26 05:37:58 PM train_acc 84.868000
01/26 05:37:59 PM valid epoch 155, valid_acc 83.21, best_acc 83.21
01/26 05:37:59 PM train 000 0.323 89.45 100.00
01/26 05:38:04 PM train 100 0.443 84.72 99.37
01/26 05:38:07 PM train_acc 85.118000
01/26 05:38:09 PM train 000 0.283 91.80 98.83
01/26 05:38:13 PM train 100 0.439 84.91 99.38
01/26 05:38:16 PM train_acc 85.040000
01/26 05:38:18 PM train 000 0.283 89.06 99.61
01/26 05:38:22 PM train 100 0.435 85.19 99.25
01/26 05:38:25 PM train_acc 85.062000
01/26 05:38:27 PM train 000 0.338 87.11 100.00
01/26 05:38:31 PM train 100 0.441 84.82 99.35
01/26 05:38:35 PM train_acc 85.044000
01/26 05:38:36 PM train 000 0.345 88.28 99.22
01/26 05:38:40 PM train 100 0.432 85.04 99.42
01/26 05:38:44 PM train_acc 85.080000
01/26 05:38:45 PM train 000 0.391 85.16 100.00
01/26 05:38:49 PM train 100 0.438 84.97 99.29
01/26 05:38:53 PM train_acc 85.230000
01/26 05:38:54 PM train 000 0.342 88.28 99.61
01/26 05:38:58 PM train 100 0.432 84.95 99.31
01/26 05:39:02 PM train_acc 85.008000
01/26 05:39:03 PM train 000 0.324 89.45 99.61
01/26 05:39:07 PM train 100 0.435 85.00 99.38
01/26 05:39:11 PM train_acc 85.252000
01/26 05:39:12 PM train 000 0.365 87.11 100.00
01/26 05:39:16 PM train 100 0.434 84.82 99.30
01/26 05:39:20 PM train_acc 85.168000
01/26 05:39:21 PM train 000 0.312 89.45 99.22
01/26 05:39:25 PM train 100 0.435 84.99 99.35
01/26 05:39:29 PM train_acc 85.196000
01/26 05:39:30 PM train 000 0.363 87.11 99.61
01/26 05:39:34 PM train 100 0.427 85.01 99.38
01/26 05:39:38 PM train_acc 85.314000
01/26 05:39:39 PM train 000 0.330 89.45 99.61
01/26 05:39:43 PM train 100 0.419 85.39 99.39
01/26 05:39:47 PM train_acc 85.446000
01/26 05:39:48 PM train 000 0.327 87.89 99.22
01/26 05:39:52 PM train 100 0.426 85.23 99.35
01/26 05:39:56 PM train_acc 85.294000
01/26 05:39:57 PM train 000 0.332 89.45 99.61
01/26 05:40:01 PM train 100 0.436 84.97 99.33
01/26 05:40:05 PM train_acc 85.226000
01/26 05:40:06 PM train 000 0.333 91.02 98.83
01/26 05:40:10 PM train 100 0.425 85.40 99.38
01/26 05:40:14 PM train_acc 85.380000
01/26 05:40:15 PM train 000 0.343 87.11 99.61
01/26 05:40:19 PM train 100 0.436 84.99 99.29
01/26 05:40:23 PM train_acc 85.454000
01/26 05:40:24 PM train 000 0.326 85.55 99.22
01/26 05:40:28 PM train 100 0.422 85.39 99.35
01/26 05:40:32 PM train_acc 85.532000
01/26 05:40:33 PM train 000 0.319 89.06 100.00
01/26 05:40:37 PM train 100 0.429 85.37 99.32
01/26 05:40:41 PM train_acc 85.554000
01/26 05:40:42 PM train 000 0.348 87.50 100.00
01/26 05:40:46 PM train 100 0.423 85.51 99.38
01/26 05:40:50 PM train_acc 85.738000
01/26 05:40:51 PM train 000 0.381 85.16 99.61
01/26 05:40:55 PM train 100 0.428 85.26 99.38
01/26 05:40:59 PM train_acc 85.412000
01/26 05:41:00 PM train 000 0.408 82.81 99.61
01/26 05:41:04 PM train 100 0.420 85.64 99.35
01/26 05:41:08 PM train_acc 85.650000
01/26 05:41:09 PM train 000 0.326 89.06 99.61
01/26 05:41:13 PM train 100 0.421 85.52 99.50
01/26 05:41:17 PM train_acc 85.724000
01/26 05:41:18 PM train 000 0.355 88.67 100.00
01/26 05:41:22 PM train 100 0.419 85.35 99.40
01/26 05:41:26 PM train_acc 85.602000
01/26 05:41:27 PM train 000 0.324 89.06 100.00
01/26 05:41:32 PM train 100 0.419 85.57 99.45
01/26 05:41:35 PM train_acc 85.578000
01/26 05:41:37 PM train 000 0.323 89.45 99.61
01/26 05:41:41 PM train 100 0.411 85.86 99.54
01/26 05:41:45 PM train_acc 85.632000
01/26 05:41:46 PM train 000 0.317 87.89 99.61
01/26 05:41:50 PM train 100 0.424 85.36 99.36
01/26 05:41:54 PM train_acc 85.654000
01/26 05:41:55 PM train 000 0.282 89.45 99.22
01/26 05:41:59 PM train 100 0.408 85.96 99.40
01/26 05:42:03 PM train_acc 85.922000
01/26 05:42:04 PM train 000 0.321 89.84 99.61
01/26 05:42:08 PM train 100 0.414 85.91 99.43
01/26 05:42:12 PM train_acc 85.922000
01/26 05:42:13 PM train 000 0.328 88.28 99.61
01/26 05:42:17 PM train 100 0.414 85.63 99.42
01/26 05:42:21 PM train_acc 85.782000
01/26 05:42:22 PM train 000 0.381 87.89 99.22
01/26 05:42:26 PM train 100 0.412 85.88 99.37
01/26 05:42:30 PM train_acc 85.928000
01/26 05:42:31 PM train 000 0.307 88.67 99.61
01/26 05:42:35 PM train 100 0.414 85.75 99.41
01/26 05:42:39 PM train_acc 85.726000
01/26 05:42:40 PM train 000 0.325 87.50 100.00
01/26 05:42:44 PM train 100 0.408 85.95 99.44
01/26 05:42:48 PM train_acc 85.946000
01/26 05:42:49 PM train 000 0.305 88.67 100.00
01/26 05:42:53 PM train 100 0.405 86.15 99.44
01/26 05:42:57 PM train_acc 86.210000
01/26 05:42:58 PM train 000 0.284 91.80 99.61
01/26 05:43:02 PM train 100 0.408 86.00 99.45
01/26 05:43:06 PM train_acc 86.056000
01/26 05:43:07 PM train 000 0.314 89.84 100.00
01/26 05:43:11 PM train 100 0.402 86.23 99.48
01/26 05:43:15 PM train_acc 86.388000
01/26 05:43:16 PM train 000 0.325 87.50 100.00
01/26 05:43:20 PM train 100 0.408 86.04 99.46
01/26 05:43:24 PM train_acc 86.180000
01/26 05:43:25 PM train 000 0.337 89.45 100.00
01/26 05:43:29 PM train 100 0.409 86.03 99.42
01/26 05:43:33 PM train_acc 85.874000
01/26 05:43:34 PM train 000 0.356 85.94 99.61
01/26 05:43:38 PM train 100 0.410 85.99 99.47
01/26 05:43:42 PM train_acc 86.282000
01/26 05:43:43 PM train 000 0.304 90.62 100.00
01/26 05:43:47 PM train 100 0.399 86.35 99.45
01/26 05:43:51 PM train_acc 86.382000
01/26 05:43:53 PM train 000 0.315 89.06 100.00
01/26 05:43:57 PM train 100 0.414 85.83 99.37
01/26 05:44:00 PM train_acc 86.136000
01/26 05:44:01 PM train 000 0.243 90.62 100.00
01/26 05:44:06 PM train 100 0.399 86.43 99.44
01/26 05:44:09 PM train_acc 86.322000
01/26 05:44:10 PM train 000 0.322 88.28 99.22
01/26 05:44:14 PM train 100 0.401 86.37 99.50
01/26 05:44:18 PM train_acc 86.354000
01/26 05:44:19 PM train 000 0.315 88.28 99.61
01/26 05:44:23 PM train 100 0.404 86.18 99.46
01/26 05:44:27 PM train_acc 86.302000
01/26 05:44:29 PM train 000 0.317 89.45 99.61
01/26 05:44:33 PM train 100 0.400 86.32 99.48
01/26 05:44:37 PM train_acc 86.264000
01/26 05:44:38 PM train 000 0.326 87.50 100.00
01/26 05:44:42 PM train 100 0.411 85.83 99.42
01/26 05:44:45 PM train_acc 86.032000
01/26 05:44:47 PM train 000 0.295 90.62 100.00
01/26 05:44:51 PM train 100 0.393 86.43 99.48
01/26 05:44:55 PM train_acc 86.504000
01/26 05:44:56 PM train 000 0.346 89.45 100.00
01/26 05:45:00 PM train 100 0.403 86.17 99.43
01/26 05:45:04 PM train_acc 86.512000
01/26 05:45:05 PM train 000 0.304 90.23 100.00
01/26 05:45:09 PM train 100 0.399 86.24 99.49
01/26 05:45:13 PM train_acc 86.368000
01/26 05:45:14 PM train 000 0.296 88.67 99.61
01/26 05:45:18 PM train 100 0.393 86.44 99.51
01/26 05:45:22 PM train_acc 86.482000
01/26 05:45:23 PM train 000 0.279 90.23 100.00
01/26 05:45:27 PM train 100 0.403 86.14 99.46
01/26 05:45:31 PM train_acc 86.420000
01/26 05:45:32 PM train 000 0.328 87.11 100.00
01/26 05:45:36 PM train 100 0.390 86.59 99.50
01/26 05:45:40 PM train_acc 86.578000
01/26 05:45:41 PM train 000 0.295 89.84 99.22
01/26 05:45:45 PM train 100 0.393 86.56 99.49
01/26 05:45:49 PM train_acc 86.480000
01/26 05:45:50 PM train 000 0.321 90.23 99.22
01/26 05:45:54 PM train 100 0.387 86.60 99.49
01/26 05:45:58 PM train_acc 86.486000
01/26 05:45:59 PM train 000 0.334 87.50 100.00
01/26 05:46:03 PM train 100 0.383 86.61 99.52
01/26 05:46:07 PM train_acc 86.708000
01/26 05:46:08 PM train 000 0.306 89.45 100.00
01/26 05:46:13 PM train 100 0.390 86.50 99.45
01/26 05:46:16 PM train_acc 86.720000
01/26 05:46:18 PM train 000 0.333 88.67 99.22
01/26 05:46:22 PM train 100 0.395 86.20 99.52
01/26 05:46:25 PM train_acc 86.504000
01/26 05:46:27 PM train 000 0.296 89.45 100.00
01/26 05:46:31 PM train 100 0.390 86.43 99.46
01/26 05:46:35 PM train_acc 86.590000
01/26 05:46:36 PM train 000 0.331 89.45 99.61
01/26 05:46:40 PM train 100 0.393 86.33 99.44
01/26 05:46:44 PM train_acc 86.444000
01/26 05:46:45 PM train 000 0.266 90.62 100.00
01/26 05:46:49 PM train 100 0.381 86.84 99.55
01/26 05:46:53 PM train_acc 86.748000
01/26 05:46:54 PM train 000 0.305 90.62 99.61
01/26 05:46:58 PM train 100 0.383 86.85 99.47
01/26 05:47:02 PM train_acc 86.920000
01/26 05:47:03 PM train 000 0.339 88.67 99.61
01/26 05:47:07 PM train 100 0.388 86.62 99.44
01/26 05:47:11 PM train_acc 86.778000
01/26 05:47:12 PM train 000 0.343 85.94 100.00
01/26 05:47:16 PM train 100 0.387 86.78 99.42
01/26 05:47:20 PM train_acc 86.770000
01/26 05:47:21 PM train 000 0.299 89.06 99.61
01/26 05:47:25 PM train 100 0.380 86.76 99.51
01/26 05:47:29 PM train_acc 86.914000
01/26 05:47:31 PM train 000 0.298 89.84 100.00
01/26 05:47:35 PM train 100 0.377 86.90 99.54
01/26 05:47:38 PM train_acc 87.010000
01/26 05:47:40 PM train 000 0.272 90.23 100.00
01/26 05:47:44 PM train 100 0.384 86.79 99.41
01/26 05:47:47 PM train_acc 86.982000
01/26 05:47:49 PM train 000 0.298 89.84 99.22
01/26 05:47:53 PM train 100 0.379 86.77 99.58
01/26 05:47:57 PM train_acc 86.964000
01/26 05:47:58 PM valid epoch 221, valid_acc 85.69, best_acc 85.69
01/26 05:47:58 PM train 000 0.327 87.89 98.83
01/26 05:48:02 PM train 100 0.381 86.89 99.52
01/26 05:48:06 PM train_acc 86.930000
01/26 05:48:07 PM train 000 0.373 87.89 99.22
01/26 05:48:11 PM train 100 0.374 86.98 99.53
01/26 05:48:15 PM train_acc 87.078000
01/26 05:48:16 PM train 000 0.286 89.45 100.00
01/26 05:48:20 PM train 100 0.386 86.63 99.52
01/26 05:48:24 PM train_acc 86.828000
01/26 05:48:25 PM train 000 0.313 88.67 99.61
01/26 05:48:29 PM train 100 0.375 87.24 99.48
01/26 05:48:33 PM train_acc 87.338000
01/26 05:48:34 PM train 000 0.276 91.41 99.61
01/26 05:48:38 PM train 100 0.381 87.04 99.45
01/26 05:48:42 PM train_acc 87.144000
01/26 05:48:43 PM train 000 0.271 92.19 99.61
01/26 05:48:48 PM train 100 0.376 87.00 99.47
01/26 05:48:51 PM train_acc 87.266000
01/26 05:48:53 PM train 000 0.268 89.84 100.00
01/26 05:48:57 PM train 100 0.375 86.89 99.48
01/26 05:49:01 PM train_acc 87.058000
01/26 05:49:02 PM train 000 0.275 89.45 100.00
01/26 05:49:06 PM train 100 0.372 87.29 99.52
01/26 05:49:10 PM train_acc 87.200000
01/26 05:49:11 PM train 000 0.256 91.41 99.61
01/26 05:49:15 PM train 100 0.365 87.35 99.60
01/26 05:49:19 PM train_acc 87.436000
01/26 05:49:20 PM train 000 0.310 89.45 100.00
01/26 05:49:24 PM train 100 0.374 87.06 99.54
01/26 05:49:28 PM train_acc 87.328000
01/26 05:49:29 PM train 000 0.323 87.89 99.61
01/26 05:49:33 PM train 100 0.377 87.00 99.54
01/26 05:49:37 PM train_acc 87.272000
01/26 05:49:38 PM train 000 0.262 91.02 99.61
01/26 05:49:42 PM train 100 0.366 87.18 99.54
01/26 05:49:46 PM train_acc 87.218000
01/26 05:49:47 PM train 000 0.250 90.62 99.61
01/26 05:49:51 PM train 100 0.367 87.36 99.52
01/26 05:49:55 PM train_acc 87.548000
01/26 05:49:56 PM train 000 0.259 89.06 100.00
01/26 05:50:00 PM train 100 0.367 87.18 99.50
01/26 05:50:04 PM train_acc 87.426000
01/26 05:50:05 PM train 000 0.356 85.55 100.00
01/26 05:50:09 PM train 100 0.364 87.41 99.51
01/26 05:50:13 PM train_acc 87.548000
01/26 05:50:14 PM train 000 0.332 88.28 99.61
01/26 05:50:18 PM train 100 0.363 87.62 99.53
01/26 05:50:22 PM train_acc 87.728000
01/26 05:50:23 PM train 000 0.229 92.19 100.00
01/26 05:50:27 PM train 100 0.369 87.17 99.49
01/26 05:50:31 PM train_acc 87.546000
01/26 05:50:32 PM train 000 0.268 92.19 99.61
01/26 05:50:36 PM train 100 0.364 87.43 99.54
01/26 05:50:40 PM train_acc 87.540000
01/26 05:50:41 PM train 000 0.288 90.62 100.00
01/26 05:50:45 PM train 100 0.363 87.64 99.60
01/26 05:50:49 PM train_acc 87.840000
01/26 05:50:50 PM train 000 0.255 90.62 99.61
01/26 05:50:54 PM train 100 0.356 87.71 99.54
01/26 05:50:58 PM train_acc 87.750000
01/26 05:51:00 PM train 000 0.309 90.23 100.00
01/26 05:51:04 PM train 100 0.360 87.83 99.49
01/26 05:51:07 PM train_acc 87.854000
01/26 05:51:09 PM train 000 0.284 89.06 100.00
01/26 05:51:13 PM train 100 0.361 87.50 99.54
01/26 05:51:17 PM train_acc 87.794000
01/26 05:51:18 PM train 000 0.273 90.62 99.61
01/26 05:51:22 PM train 100 0.350 87.91 99.56
01/26 05:51:26 PM train_acc 87.818000
01/26 05:51:27 PM train 000 0.259 91.02 100.00
01/26 05:51:31 PM train 100 0.356 87.67 99.50
01/26 05:51:35 PM train_acc 87.868000
01/26 05:51:36 PM train 000 0.288 91.02 99.61
01/26 05:51:40 PM train 100 0.346 88.00 99.62
01/26 05:51:44 PM train_acc 88.030000
01/26 05:51:45 PM train 000 0.258 91.02 99.22
01/26 05:51:49 PM train 100 0.339 88.39 99.59
01/26 05:51:53 PM train_acc 88.188000
01/26 05:51:54 PM train 000 0.276 90.62 100.00
01/26 05:51:58 PM train 100 0.353 87.76 99.60
01/26 05:52:02 PM train_acc 87.804000
01/26 05:52:03 PM train 000 0.325 88.67 99.61
01/26 05:52:07 PM train 100 0.344 88.08 99.62
01/26 05:52:11 PM train_acc 88.142000
01/26 05:52:12 PM train 000 0.281 90.62 99.22
01/26 05:52:16 PM train 100 0.349 87.94 99.53
01/26 05:52:20 PM train_acc 88.066000
01/26 05:52:21 PM train 000 0.265 90.23 100.00
01/26 05:52:25 PM train 100 0.353 87.79 99.57
01/26 05:52:29 PM train_acc 87.866000
01/26 05:52:30 PM train 000 0.324 88.67 100.00
01/26 05:52:34 PM train 100 0.352 87.67 99.64
01/26 05:52:38 PM train_acc 87.886000
01/26 05:52:39 PM train 000 0.266 89.84 99.61
01/26 05:52:43 PM train 100 0.352 87.77 99.57
01/26 05:52:47 PM train_acc 88.080000
01/26 05:52:49 PM train 000 0.299 88.67 100.00
01/26 05:52:53 PM train 100 0.352 87.86 99.60
01/26 05:52:56 PM train_acc 88.192000
01/26 05:52:58 PM train 000 0.272 89.84 99.61
01/26 05:53:02 PM train 100 0.348 88.05 99.58
01/26 05:53:05 PM train_acc 88.134000
01/26 05:53:07 PM train 000 0.236 92.58 100.00
01/26 05:53:11 PM train 100 0.345 88.22 99.61
01/26 05:53:14 PM train_acc 88.398000
01/26 05:53:16 PM train 000 0.301 88.28 99.61
01/26 05:53:20 PM train 100 0.347 88.05 99.61
01/26 05:53:23 PM train_acc 88.172000
01/26 05:53:25 PM train 000 0.222 92.19 99.61
01/26 05:53:29 PM train 100 0.337 88.47 99.59
01/26 05:53:33 PM train_acc 88.504000
01/26 05:53:34 PM train 000 0.306 89.84 99.61
01/26 05:53:38 PM train 100 0.344 88.13 99.59
01/26 05:53:42 PM train_acc 88.380000
01/26 05:53:43 PM train 000 0.286 90.23 100.00
01/26 05:53:47 PM train 100 0.338 88.30 99.65
01/26 05:53:51 PM train_acc 88.424000
01/26 05:53:52 PM train 000 0.182 94.14 99.61
01/26 05:53:56 PM train 100 0.337 88.42 99.59
01/26 05:54:00 PM train_acc 88.534000
01/26 05:54:01 PM train 000 0.335 91.02 99.61
01/26 05:54:05 PM train 100 0.342 88.20 99.59
01/26 05:54:09 PM train_acc 88.236000
01/26 05:54:10 PM train 000 0.275 89.45 100.00
01/26 05:54:14 PM train 100 0.338 88.35 99.59
01/26 05:54:18 PM train_acc 88.358000
01/26 05:54:19 PM train 000 0.268 90.62 99.61
01/26 05:54:23 PM train 100 0.322 88.90 99.68
01/26 05:54:27 PM train_acc 88.716000
01/26 05:54:28 PM train 000 0.260 90.62 99.61
01/26 05:54:32 PM train 100 0.336 88.58 99.58
01/26 05:54:36 PM train_acc 88.686000
01/26 05:54:37 PM train 000 0.259 91.80 100.00
01/26 05:54:41 PM train 100 0.330 88.39 99.66
01/26 05:54:45 PM train_acc 88.550000
01/26 05:54:46 PM train 000 0.301 90.23 99.61
01/26 05:54:50 PM train 100 0.329 88.70 99.63
01/26 05:54:54 PM train_acc 88.626000
01/26 05:54:55 PM train 000 0.274 91.80 100.00
01/26 05:54:59 PM train 100 0.325 88.88 99.63
01/26 05:55:03 PM train_acc 89.012000
01/26 05:55:04 PM train 000 0.221 92.58 99.61
01/26 05:55:08 PM train 100 0.329 88.58 99.65
01/26 05:55:12 PM train_acc 88.700000
01/26 05:55:13 PM train 000 0.225 91.41 100.00
01/26 05:55:17 PM train 100 0.328 88.68 99.63
01/26 05:55:21 PM train_acc 88.674000
01/26 05:55:22 PM train 000 0.289 90.23 100.00
01/26 05:55:26 PM train 100 0.326 88.68 99.66
01/26 05:55:30 PM train_acc 88.654000
01/26 05:55:32 PM train 000 0.220 91.02 99.61
01/26 05:55:36 PM train 100 0.319 88.72 99.67
01/26 05:55:39 PM train_acc 88.760000
01/26 05:55:41 PM train 000 0.266 89.84 100.00
01/26 05:55:45 PM train 100 0.318 88.97 99.68
01/26 05:55:49 PM train_acc 88.900000
01/26 05:55:50 PM train 000 0.321 90.23 100.00
01/26 05:55:54 PM train 100 0.320 89.02 99.66
01/26 05:55:58 PM train_acc 89.186000
01/26 05:55:59 PM train 000 0.268 91.02 99.61
01/26 05:56:03 PM train 100 0.323 88.78 99.69
01/26 05:56:07 PM train_acc 88.958000
01/26 05:56:08 PM train 000 0.286 91.02 100.00
01/26 05:56:12 PM train 100 0.321 88.83 99.59
01/26 05:56:16 PM train_acc 89.056000
01/26 05:56:17 PM train 000 0.230 92.58 100.00
01/26 05:56:21 PM train 100 0.316 89.01 99.67
01/26 05:56:25 PM train_acc 89.042000
01/26 05:56:26 PM train 000 0.284 91.80 98.44
01/26 05:56:30 PM train 100 0.320 88.83 99.66
01/26 05:56:34 PM train_acc 89.032000
01/26 05:56:35 PM train 000 0.229 91.41 100.00
01/26 05:56:39 PM train 100 0.310 89.12 99.66
01/26 05:56:43 PM train_acc 89.206000
01/26 05:56:44 PM train 000 0.244 89.45 100.00
01/26 05:56:48 PM train 100 0.320 88.88 99.61
01/26 05:56:52 PM train_acc 89.144000
01/26 05:56:53 PM train 000 0.271 91.02 98.44
01/26 05:56:57 PM train 100 0.316 89.11 99.62
01/26 05:57:01 PM train_acc 89.474000
01/26 05:57:02 PM train 000 0.230 92.97 99.61
01/26 05:57:06 PM train 100 0.308 89.31 99.64
01/26 05:57:10 PM train_acc 89.274000
01/26 05:57:12 PM train 000 0.235 91.80 100.00
01/26 05:57:16 PM train 100 0.304 89.50 99.62
01/26 05:57:19 PM train_acc 89.408000
01/26 05:57:21 PM train 000 0.270 89.06 99.61
01/26 05:57:25 PM train 100 0.307 89.26 99.64
01/26 05:57:29 PM train_acc 89.260000
01/26 05:57:30 PM train 000 0.232 91.80 99.61
01/26 05:57:34 PM train 100 0.311 89.33 99.67
01/26 05:57:38 PM train_acc 89.404000
01/26 05:57:39 PM train 000 0.201 92.58 99.61
01/26 05:57:43 PM train 100 0.303 89.55 99.74
01/26 05:57:47 PM train_acc 89.460000
01/26 05:57:48 PM train 000 0.261 89.84 99.61
01/26 05:57:52 PM train 100 0.304 89.40 99.69
01/26 05:57:56 PM train_acc 89.340000
01/26 05:57:57 PM train 000 0.204 92.97 99.61
01/26 05:58:01 PM train 100 0.311 89.11 99.68
01/26 05:58:05 PM train_acc 89.460000
01/26 05:58:06 PM train 000 0.180 95.70 100.00
01/26 05:58:10 PM train 100 0.302 89.79 99.64
01/26 05:58:14 PM train_acc 89.710000
01/26 05:58:15 PM train 000 0.201 92.58 100.00
01/26 05:58:19 PM train 100 0.296 89.73 99.74
01/26 05:58:23 PM train_acc 89.744000
01/26 05:58:24 PM train 000 0.269 91.41 100.00
01/26 05:58:28 PM train 100 0.297 89.79 99.68
01/26 05:58:32 PM train_acc 89.646000
01/26 05:58:33 PM train 000 0.244 91.02 100.00
01/26 05:58:37 PM train 100 0.300 89.79 99.68
01/26 05:58:41 PM train_acc 89.696000
01/26 05:58:42 PM train 000 0.223 91.80 99.22
01/26 05:58:46 PM train 100 0.300 89.73 99.68
01/26 05:58:50 PM train_acc 89.890000
01/26 05:58:51 PM valid epoch 293, valid_acc 85.72, best_acc 85.72
01/26 05:58:52 PM train 000 0.251 92.58 100.00
01/26 05:58:56 PM train 100 0.291 89.98 99.73
01/26 05:58:59 PM train_acc 90.022000
01/26 05:59:01 PM train 000 0.236 91.80 99.61
01/26 05:59:05 PM train 100 0.298 89.57 99.73
01/26 05:59:09 PM train_acc 89.716000
01/26 05:59:10 PM train 000 0.237 91.80 100.00
01/26 05:59:14 PM train 100 0.292 89.75 99.73
01/26 05:59:18 PM train_acc 89.708000
01/26 05:59:19 PM train 000 0.243 91.41 100.00
01/26 05:59:23 PM train 100 0.292 89.90 99.76
01/26 05:59:27 PM train_acc 90.146000
01/26 05:59:28 PM train 000 0.272 89.45 100.00
01/26 05:59:32 PM train 100 0.298 89.66 99.64
01/26 05:59:36 PM train_acc 90.086000
01/26 05:59:37 PM valid epoch 298, valid_acc 86.76, best_acc 86.76
01/26 05:59:37 PM train 000 0.196 92.97 100.00
01/26 05:59:41 PM train 100 0.285 90.00 99.74
01/26 05:59:45 PM train_acc 89.964000
01/26 05:59:46 PM train 000 0.219 91.80 100.00
01/26 05:59:50 PM train 100 0.290 89.86 99.72
01/26 05:59:54 PM train_acc 90.036000
01/26 05:59:55 PM train 000 0.298 87.89 100.00
01/26 05:59:59 PM train 100 0.287 89.84 99.73
01/26 06:00:03 PM train_acc 89.958000
01/26 06:00:04 PM train 000 0.227 91.80 99.22
01/26 06:00:08 PM train 100 0.294 89.79 99.70
01/26 06:00:12 PM train_acc 90.048000
01/26 06:00:13 PM train 000 0.192 94.92 99.61
01/26 06:00:17 PM train 100 0.278 90.30 99.76
01/26 06:00:21 PM train_acc 90.370000
01/26 06:00:22 PM train 000 0.206 91.41 100.00
01/26 06:00:26 PM train 100 0.284 90.12 99.71
01/26 06:00:30 PM train_acc 90.284000
01/26 06:00:31 PM train 000 0.255 89.45 99.61
01/26 06:00:36 PM train 100 0.282 90.30 99.66
01/26 06:00:39 PM train_acc 90.268000
01/26 06:00:41 PM train 000 0.280 89.84 99.61
01/26 06:00:45 PM train 100 0.279 90.36 99.76
01/26 06:00:49 PM train_acc 90.354000
01/26 06:00:50 PM train 000 0.271 89.45 99.61
01/26 06:00:54 PM train 100 0.282 90.18 99.74
01/26 06:00:58 PM train_acc 90.258000
01/26 06:00:59 PM train 000 0.260 90.23 99.61
01/26 06:01:03 PM train 100 0.272 90.73 99.74
01/26 06:01:07 PM train_acc 90.640000
01/26 06:01:08 PM train 000 0.194 93.75 100.00
01/26 06:01:12 PM train 100 0.280 90.40 99.75
01/26 06:01:16 PM train_acc 90.328000
01/26 06:01:17 PM train 000 0.258 89.84 100.00
01/26 06:01:21 PM train 100 0.280 90.34 99.73
01/26 06:01:25 PM train_acc 90.494000
01/26 06:01:26 PM train 000 0.240 91.02 100.00
01/26 06:01:30 PM train 100 0.271 90.50 99.73
01/26 06:01:34 PM train_acc 90.542000
01/26 06:01:35 PM train 000 0.215 95.31 100.00
01/26 06:01:39 PM train 100 0.265 90.86 99.76
01/26 06:01:43 PM train_acc 90.794000
01/26 06:01:44 PM train 000 0.200 92.19 99.61
01/26 06:01:48 PM train 100 0.264 90.74 99.81
01/26 06:01:52 PM train_acc 90.590000
01/26 06:01:53 PM train 000 0.205 92.58 100.00
01/26 06:01:57 PM train 100 0.266 90.79 99.79
01/26 06:02:01 PM train_acc 90.782000
01/26 06:02:02 PM valid epoch 314, valid_acc 86.97, best_acc 86.97
01/26 06:02:02 PM train 000 0.261 91.02 99.61
01/26 06:02:07 PM train 100 0.265 90.83 99.71
01/26 06:02:10 PM train_acc 90.770000
01/26 06:02:11 PM train 000 0.227 91.80 99.61
01/26 06:02:16 PM train 100 0.267 90.87 99.71
01/26 06:02:19 PM train_acc 90.882000
01/26 06:02:21 PM train 000 0.212 92.58 100.00
01/26 06:02:25 PM train 100 0.260 90.94 99.77
01/26 06:02:29 PM train_acc 90.936000
01/26 06:02:29 PM valid epoch 317, valid_acc 86.98, best_acc 86.98
01/26 06:02:30 PM train 000 0.235 91.80 100.00
01/26 06:02:34 PM train 100 0.262 90.93 99.73
01/26 06:02:38 PM train_acc 90.896000
01/26 06:02:39 PM train 000 0.226 91.02 100.00
01/26 06:02:43 PM train 100 0.267 90.70 99.76
01/26 06:02:47 PM train_acc 90.906000
01/26 06:02:48 PM train 000 0.243 91.41 99.61
01/26 06:02:52 PM train 100 0.261 90.84 99.78
01/26 06:02:56 PM train_acc 90.808000
01/26 06:02:57 PM train 000 0.243 90.62 100.00
01/26 06:03:01 PM train 100 0.269 90.65 99.78
01/26 06:03:05 PM train_acc 91.028000
01/26 06:03:06 PM valid epoch 321, valid_acc 87.06, best_acc 87.06
01/26 06:03:06 PM train 000 0.209 92.58 100.00
01/26 06:03:10 PM train 100 0.257 91.13 99.84
01/26 06:03:14 PM train_acc 91.178000
01/26 06:03:15 PM valid epoch 322, valid_acc 87.44, best_acc 87.44
01/26 06:03:15 PM train 000 0.209 92.97 99.61
01/26 06:03:19 PM train 100 0.257 91.23 99.76
01/26 06:03:23 PM train_acc 91.280000
01/26 06:03:24 PM train 000 0.208 91.80 100.00
01/26 06:03:28 PM train 100 0.257 91.13 99.73
01/26 06:03:32 PM train_acc 91.202000
01/26 06:03:33 PM train 000 0.223 92.58 100.00
01/26 06:03:37 PM train 100 0.251 91.11 99.76
01/26 06:03:41 PM train_acc 91.224000
01/26 06:03:42 PM train 000 0.192 92.19 99.61
01/26 06:03:46 PM train 100 0.250 91.33 99.76
01/26 06:03:50 PM train_acc 91.500000
01/26 06:03:51 PM train 000 0.177 95.31 100.00
01/26 06:03:55 PM train 100 0.245 91.57 99.85
01/26 06:03:59 PM train_acc 91.526000
01/26 06:04:00 PM train 000 0.202 92.58 100.00
01/26 06:04:04 PM train 100 0.251 91.18 99.83
01/26 06:04:08 PM train_acc 91.332000
01/26 06:04:09 PM train 000 0.220 91.41 100.00
01/26 06:04:13 PM train 100 0.248 91.34 99.79
01/26 06:04:17 PM train_acc 91.362000
01/26 06:04:18 PM train 000 0.141 96.48 100.00
01/26 06:04:22 PM train 100 0.245 91.60 99.80
01/26 06:04:26 PM train_acc 91.510000
01/26 06:04:27 PM train 000 0.170 94.14 100.00
01/26 06:04:32 PM train 100 0.247 91.52 99.78
01/26 06:04:35 PM train_acc 91.664000
01/26 06:04:37 PM train 000 0.258 89.45 99.22
01/26 06:04:41 PM train 100 0.245 91.50 99.80
01/26 06:04:45 PM train_acc 91.722000
01/26 06:04:46 PM train 000 0.170 94.53 100.00
01/26 06:04:50 PM train 100 0.245 91.67 99.82
01/26 06:04:54 PM train_acc 91.818000
01/26 06:04:54 PM valid epoch 333, valid_acc 87.52, best_acc 87.52
01/26 06:04:55 PM train 000 0.176 92.97 100.00
01/26 06:04:59 PM train 100 0.241 91.58 99.81
01/26 06:05:03 PM train_acc 91.648000
01/26 06:05:04 PM train 000 0.221 92.19 100.00
01/26 06:05:08 PM train 100 0.235 91.82 99.84
01/26 06:05:12 PM train_acc 91.796000
01/26 06:05:13 PM train 000 0.175 93.75 100.00
01/26 06:05:17 PM train 100 0.229 92.04 99.83
01/26 06:05:21 PM train_acc 92.006000
01/26 06:05:22 PM train 000 0.165 95.31 100.00
01/26 06:05:26 PM train 100 0.237 91.67 99.80
01/26 06:05:30 PM train_acc 91.762000
01/26 06:05:31 PM train 000 0.175 94.53 100.00
01/26 06:05:35 PM train 100 0.243 91.40 99.79
01/26 06:05:39 PM train_acc 91.628000
01/26 06:05:40 PM train 000 0.193 94.53 99.61
01/26 06:05:44 PM train 100 0.227 92.10 99.86
01/26 06:05:48 PM train_acc 92.002000
01/26 06:05:49 PM train 000 0.241 90.23 99.61
01/26 06:05:53 PM train 100 0.238 91.85 99.80
01/26 06:05:57 PM train_acc 92.092000
01/26 06:05:58 PM train 000 0.178 93.36 100.00
01/26 06:06:02 PM train 100 0.224 92.29 99.85
01/26 06:06:06 PM train_acc 92.294000
01/26 06:06:07 PM train 000 0.181 92.19 100.00
01/26 06:06:11 PM train 100 0.220 92.27 99.81
01/26 06:06:15 PM train_acc 92.122000
01/26 06:06:17 PM train 000 0.174 94.92 99.61
01/26 06:06:21 PM train 100 0.229 92.01 99.87
01/26 06:06:24 PM train_acc 92.274000
01/26 06:06:26 PM train 000 0.177 93.36 100.00
01/26 06:06:30 PM train 100 0.220 92.38 99.85
01/26 06:06:34 PM train_acc 92.442000
01/26 06:06:35 PM train 000 0.178 93.36 100.00
01/26 06:06:39 PM train 100 0.227 91.97 99.86
01/26 06:06:43 PM train_acc 92.106000
01/26 06:06:44 PM train 000 0.197 93.36 100.00
01/26 06:06:48 PM train 100 0.215 92.45 99.89
01/26 06:06:52 PM train_acc 92.370000
01/26 06:06:53 PM valid epoch 346, valid_acc 88.69, best_acc 88.69
01/26 06:06:53 PM train 000 0.142 94.92 100.00
01/26 06:06:57 PM train 100 0.225 92.18 99.86
01/26 06:07:01 PM train_acc 92.222000
01/26 06:07:02 PM train 000 0.153 95.31 100.00
01/26 06:07:06 PM train 100 0.217 92.46 99.86
01/26 06:07:10 PM train_acc 92.690000
01/26 06:07:11 PM train 000 0.158 94.92 100.00
01/26 06:07:15 PM train 100 0.224 92.01 99.84
01/26 06:07:19 PM train_acc 92.402000
01/26 06:07:20 PM train 000 0.130 94.53 100.00
01/26 06:07:24 PM train 100 0.211 92.50 99.85
01/26 06:07:28 PM train_acc 92.546000
01/26 06:07:29 PM train 000 0.152 94.53 100.00
01/26 06:07:33 PM train 100 0.212 92.55 99.85
01/26 06:07:37 PM train_acc 92.766000
01/26 06:07:38 PM valid epoch 351, valid_acc 88.80, best_acc 88.80
01/26 06:07:38 PM train 000 0.140 96.48 100.00
01/26 06:07:42 PM train 100 0.217 92.51 99.83
01/26 06:07:46 PM train_acc 92.614000
01/26 06:07:47 PM train 000 0.160 95.31 100.00
01/26 06:07:51 PM train 100 0.208 92.76 99.87
01/26 06:07:55 PM train_acc 92.808000
01/26 06:07:56 PM train 000 0.147 94.53 100.00
01/26 06:08:00 PM train 100 0.210 92.72 99.83
01/26 06:08:04 PM train_acc 92.838000
01/26 06:08:05 PM train 000 0.150 94.92 100.00
01/26 06:08:09 PM train 100 0.207 92.80 99.88
01/26 06:08:13 PM train_acc 92.954000
01/26 06:08:14 PM train 000 0.143 95.70 100.00
01/26 06:08:18 PM train 100 0.197 92.97 99.89
01/26 06:08:22 PM train_acc 92.900000
01/26 06:08:23 PM train 000 0.164 94.53 100.00
01/26 06:08:28 PM train 100 0.203 92.98 99.87
01/26 06:08:31 PM train_acc 93.034000
01/26 06:08:33 PM train 000 0.142 96.09 100.00
01/26 06:08:37 PM train 100 0.204 92.88 99.91
01/26 06:08:41 PM train_acc 93.028000
01/26 06:08:42 PM train 000 0.171 93.75 100.00
01/26 06:08:46 PM train 100 0.202 93.06 99.84
01/26 06:08:50 PM train_acc 93.078000
01/26 06:08:51 PM train 000 0.122 95.31 100.00
01/26 06:08:55 PM train 100 0.198 93.30 99.84
01/26 06:08:59 PM train_acc 93.290000
01/26 06:09:00 PM train 000 0.188 93.75 100.00
01/26 06:09:04 PM train 100 0.191 93.42 99.91
01/26 06:09:08 PM train_acc 93.280000
01/26 06:09:09 PM train 000 0.153 94.53 100.00
01/26 06:09:13 PM train 100 0.199 93.03 99.89
01/26 06:09:17 PM train_acc 93.258000
01/26 06:09:18 PM train 000 0.158 93.75 100.00
01/26 06:09:22 PM train 100 0.195 93.17 99.87
01/26 06:09:26 PM train_acc 93.230000
01/26 06:09:27 PM train 000 0.158 95.31 100.00
01/26 06:09:31 PM train 100 0.194 93.27 99.87
01/26 06:09:35 PM train_acc 93.452000
01/26 06:09:36 PM train 000 0.173 93.36 100.00
01/26 06:09:40 PM train 100 0.196 93.20 99.88
01/26 06:09:44 PM train_acc 93.268000
01/26 06:09:45 PM train 000 0.122 96.09 100.00
01/26 06:09:49 PM train 100 0.183 93.62 99.86
01/26 06:09:53 PM train_acc 93.642000
01/26 06:09:54 PM train 000 0.167 92.58 100.00
01/26 06:09:58 PM train 100 0.185 93.45 99.90
01/26 06:10:02 PM train_acc 93.622000
01/26 06:10:03 PM train 000 0.150 94.53 99.61
01/26 06:10:07 PM train 100 0.185 93.53 99.90
01/26 06:10:11 PM train_acc 93.618000
01/26 06:10:12 PM train 000 0.160 94.92 100.00
01/26 06:10:16 PM train 100 0.178 93.87 99.89
01/26 06:10:20 PM train_acc 93.796000
01/26 06:10:21 PM train 000 0.155 94.14 100.00
01/26 06:10:25 PM train 100 0.174 93.80 99.90
01/26 06:10:29 PM train_acc 93.790000
01/26 06:10:30 PM train 000 0.161 94.53 99.61
01/26 06:10:35 PM train 100 0.178 93.75 99.90
01/26 06:10:38 PM train_acc 93.934000
01/26 06:10:40 PM train 000 0.144 95.31 100.00
01/26 06:10:44 PM train 100 0.178 93.74 99.90
01/26 06:10:47 PM train_acc 93.772000
01/26 06:10:49 PM train 000 0.119 96.09 100.00
01/26 06:10:53 PM train 100 0.175 94.01 99.93
01/26 06:10:57 PM train_acc 94.048000
01/26 06:10:58 PM train 000 0.128 96.09 100.00
01/26 06:11:02 PM train 100 0.175 93.82 99.92
01/26 06:11:06 PM train_acc 93.936000
01/26 06:11:07 PM train 000 0.143 96.09 100.00
01/26 06:11:11 PM train 100 0.176 93.97 99.88
01/26 06:11:15 PM train_acc 94.128000
01/26 06:11:16 PM train 000 0.153 94.92 100.00
01/26 06:11:20 PM train 100 0.174 93.83 99.93
01/26 06:11:24 PM train_acc 94.212000
01/26 06:11:25 PM train 000 0.144 96.48 100.00
01/26 06:11:29 PM train 100 0.167 94.21 99.93
01/26 06:11:33 PM train_acc 94.196000
01/26 06:11:34 PM valid epoch 377, valid_acc 89.25, best_acc 89.25
01/26 06:11:34 PM train 000 0.141 96.48 100.00
01/26 06:11:38 PM train 100 0.164 94.38 99.92
01/26 06:11:42 PM train_acc 94.384000
01/26 06:11:43 PM train 000 0.124 96.09 100.00
01/26 06:11:47 PM train 100 0.159 94.38 99.91
01/26 06:11:51 PM train_acc 94.352000
01/26 06:11:52 PM train 000 0.128 96.09 100.00
01/26 06:11:56 PM train 100 0.162 94.26 99.93
01/26 06:12:00 PM train_acc 94.434000
01/26 06:12:02 PM train 000 0.096 97.66 100.00
01/26 06:12:06 PM train 100 0.159 94.18 99.94
01/26 06:12:10 PM train_acc 94.314000
01/26 06:12:11 PM train 000 0.112 95.31 100.00
01/26 06:12:15 PM train 100 0.154 94.50 99.91
01/26 06:12:19 PM train_acc 94.660000
01/26 06:12:20 PM train 000 0.121 94.53 100.00
01/26 06:12:24 PM train 100 0.157 94.35 99.93
01/26 06:12:28 PM train_acc 94.594000
01/26 06:12:29 PM train 000 0.154 93.75 100.00
01/26 06:12:33 PM train 100 0.152 94.59 99.94
01/26 06:12:37 PM train_acc 94.720000
01/26 06:12:38 PM valid epoch 384, valid_acc 89.29, best_acc 89.29
01/26 06:12:38 PM train 000 0.112 96.48 99.61
01/26 06:12:42 PM train 100 0.150 94.84 99.93
01/26 06:12:46 PM train_acc 94.904000
01/26 06:12:47 PM train 000 0.126 96.48 100.00
01/26 06:12:51 PM train 100 0.153 94.74 99.92
01/26 06:12:55 PM train_acc 94.912000
01/26 06:12:56 PM valid epoch 386, valid_acc 89.69, best_acc 89.69
01/26 06:12:56 PM train 000 0.096 97.27 100.00
01/26 06:13:00 PM train 100 0.147 94.94 99.95
01/26 06:13:04 PM train_acc 95.016000
01/26 06:13:05 PM train 000 0.113 96.48 100.00
01/26 06:13:09 PM train 100 0.147 94.68 99.94
01/26 06:13:13 PM train_acc 94.950000
01/26 06:13:14 PM train 000 0.129 95.70 100.00
01/26 06:13:18 PM train 100 0.148 94.70 99.93
01/26 06:13:22 PM train_acc 94.766000
01/26 06:13:23 PM train 000 0.117 94.92 100.00
01/26 06:13:27 PM train 100 0.143 95.00 99.95
01/26 06:13:31 PM train_acc 95.020000
01/26 06:13:32 PM valid epoch 390, valid_acc 89.74, best_acc 89.74
01/26 06:13:33 PM train 000 0.125 96.09 100.00
01/26 06:13:37 PM train 100 0.140 95.05 99.97
01/26 06:13:41 PM train_acc 95.046000
01/26 06:13:42 PM train 000 0.096 96.48 100.00
01/26 06:13:46 PM train 100 0.140 95.03 99.95
01/26 06:13:50 PM train_acc 95.166000
01/26 06:13:51 PM train 000 0.154 94.92 99.61
01/26 06:13:55 PM train 100 0.139 94.95 99.95
01/26 06:13:59 PM train_acc 95.152000
01/26 06:14:00 PM train 000 0.108 95.31 100.00
01/26 06:14:04 PM train 100 0.137 95.14 99.95
01/26 06:14:08 PM train_acc 95.332000
01/26 06:14:09 PM train 000 0.124 95.70 100.00
01/26 06:14:13 PM train 100 0.125 95.59 99.94
01/26 06:14:17 PM train_acc 95.566000
01/26 06:14:18 PM train 000 0.081 96.48 100.00
01/26 06:14:22 PM train 100 0.126 95.58 99.97
01/26 06:14:26 PM train_acc 95.592000
01/26 06:14:27 PM train 000 0.118 95.70 100.00
01/26 06:14:31 PM train 100 0.132 95.37 99.97
01/26 06:14:35 PM train_acc 95.518000
01/26 06:14:36 PM train 000 0.082 97.66 100.00
01/26 06:14:40 PM train 100 0.126 95.59 99.95
01/26 06:14:44 PM train_acc 95.754000
01/26 06:14:45 PM valid epoch 398, valid_acc 89.81, best_acc 89.81
01/26 06:14:45 PM train 000 0.101 97.66 100.00
01/26 06:14:50 PM train 100 0.124 95.68 99.97
01/26 06:14:53 PM train_acc 95.860000
01/26 06:14:55 PM train 000 0.136 96.09 100.00
01/26 06:14:59 PM train 100 0.130 95.36 99.96
01/26 06:15:03 PM train_acc 95.560000
01/26 06:15:04 PM train 000 0.098 96.09 100.00
01/26 06:15:08 PM train 100 0.119 95.85 99.97
01/26 06:15:12 PM train_acc 95.866000
01/26 06:15:13 PM train 000 0.090 96.88 100.00
01/26 06:15:17 PM train 100 0.118 95.83 99.98
01/26 06:15:21 PM train_acc 96.010000
01/26 06:15:22 PM train 000 0.083 97.27 100.00
01/26 06:15:26 PM train 100 0.117 95.82 99.97
01/26 06:15:30 PM train_acc 95.910000
01/26 06:15:31 PM train 000 0.135 94.53 100.00
01/26 06:15:35 PM train 100 0.112 96.00 99.97
01/26 06:15:39 PM train_acc 96.100000
01/26 06:15:40 PM train 000 0.072 97.27 100.00
01/26 06:15:44 PM train 100 0.116 95.96 99.96
01/26 06:15:48 PM train_acc 96.050000
01/26 06:15:49 PM valid epoch 405, valid_acc 90.08, best_acc 90.08
01/26 06:15:49 PM train 000 0.086 98.05 100.00
01/26 06:15:53 PM train 100 0.117 95.89 99.97
01/26 06:15:57 PM train_acc 96.004000
01/26 06:15:58 PM train 000 0.088 97.66 100.00
01/26 06:16:02 PM train 100 0.111 96.12 99.98
01/26 06:16:06 PM train_acc 96.292000
01/26 06:16:08 PM train 000 0.079 97.66 100.00
01/26 06:16:12 PM train 100 0.104 96.45 99.98
01/26 06:16:16 PM train_acc 96.528000
01/26 06:16:17 PM train 000 0.052 98.83 100.00
01/26 06:16:21 PM train 100 0.096 96.59 99.99
01/26 06:16:25 PM train_acc 96.584000
01/26 06:16:26 PM valid epoch 409, valid_acc 90.42, best_acc 90.42
01/26 06:16:26 PM train 000 0.082 96.88 100.00
01/26 06:16:30 PM train 100 0.105 96.33 99.96
01/26 06:16:34 PM train_acc 96.480000
01/26 06:16:35 PM train 000 0.061 98.05 100.00
01/26 06:16:39 PM train 100 0.097 96.62 99.98
01/26 06:16:43 PM train_acc 96.606000
01/26 06:16:44 PM train 000 0.094 96.09 100.00
01/26 06:16:48 PM train 100 0.099 96.57 99.97
01/26 06:16:52 PM train_acc 96.752000
01/26 06:16:53 PM train 000 0.053 98.44 100.00
01/26 06:16:57 PM train 100 0.093 96.76 99.98
01/26 06:17:01 PM train_acc 96.782000
01/26 06:17:02 PM train 000 0.060 98.83 100.00
01/26 06:17:06 PM train 100 0.093 96.69 99.97
01/26 06:17:10 PM train_acc 96.706000
01/26 06:17:11 PM train 000 0.082 96.88 100.00
01/26 06:17:15 PM train 100 0.094 96.76 99.98
01/26 06:17:19 PM train_acc 96.792000
01/26 06:17:20 PM train 000 0.088 96.88 100.00
01/26 06:17:24 PM train 100 0.088 96.87 99.98
01/26 06:17:28 PM train_acc 97.044000
01/26 06:17:29 PM train 000 0.053 98.05 100.00
01/26 06:17:34 PM train 100 0.084 97.06 99.98
01/26 06:17:37 PM train_acc 97.122000
01/26 06:17:39 PM train 000 0.081 96.88 100.00
01/26 06:17:43 PM train 100 0.084 96.97 99.98
01/26 06:17:46 PM train_acc 97.002000
01/26 06:17:48 PM train 000 0.046 98.05 100.00
01/26 06:17:52 PM train 100 0.086 96.93 100.00
01/26 06:17:56 PM train_acc 97.174000
01/26 06:17:57 PM train 000 0.070 98.44 100.00
01/26 06:18:01 PM train 100 0.079 97.33 99.97
01/26 06:18:05 PM train_acc 97.296000
01/26 06:18:06 PM train 000 0.037 98.83 100.00
01/26 06:18:10 PM train 100 0.080 97.30 99.99
01/26 06:18:14 PM train_acc 97.352000
01/26 06:18:15 PM train 000 0.048 98.05 100.00
01/26 06:18:19 PM train 100 0.081 97.20 99.99
01/26 06:18:23 PM train_acc 97.430000
01/26 06:18:24 PM train 000 0.062 97.66 100.00
01/26 06:18:28 PM train 100 0.076 97.29 99.98
01/26 06:18:32 PM train_acc 97.438000
01/26 06:18:33 PM valid epoch 423, valid_acc 90.65, best_acc 90.65
01/26 06:18:33 PM train 000 0.039 99.22 100.00
01/26 06:18:37 PM train 100 0.069 97.66 100.00
01/26 06:18:41 PM train_acc 97.608000
01/26 06:18:42 PM train 000 0.039 99.22 100.00
01/26 06:18:46 PM train 100 0.070 97.58 100.00
01/26 06:18:50 PM train_acc 97.646000
01/26 06:18:51 PM train 000 0.038 98.83 100.00
01/26 06:18:55 PM train 100 0.068 97.70 99.99
01/26 06:18:59 PM train_acc 97.840000
01/26 06:19:00 PM train 000 0.065 97.66 100.00
01/26 06:19:04 PM train 100 0.067 97.69 99.99
01/26 06:19:08 PM train_acc 97.790000
01/26 06:19:10 PM train 000 0.047 98.83 100.00
01/26 06:19:14 PM train 100 0.064 97.80 99.99
01/26 06:19:18 PM train_acc 97.922000
01/26 06:19:19 PM train 000 0.039 99.22 100.00
01/26 06:19:23 PM train 100 0.061 97.89 99.99
01/26 06:19:27 PM train_acc 97.916000
01/26 06:19:28 PM valid epoch 429, valid_acc 91.04, best_acc 91.04
01/26 06:19:28 PM train 000 0.057 97.27 100.00
01/26 06:19:32 PM train 100 0.056 98.07 99.99
01/26 06:19:36 PM train_acc 98.094000
01/26 06:19:37 PM train 000 0.071 96.88 100.00
01/26 06:19:41 PM train 100 0.057 97.93 99.99
01/26 06:19:45 PM train_acc 98.080000
01/26 06:19:46 PM train 000 0.039 97.66 100.00
01/26 06:19:50 PM train 100 0.052 98.18 100.00
01/26 06:19:54 PM train_acc 98.198000
01/26 06:19:55 PM train 000 0.040 99.22 100.00
01/26 06:19:59 PM train 100 0.054 98.14 100.00
01/26 06:20:03 PM train_acc 98.198000
01/26 06:20:04 PM train 000 0.048 98.83 100.00
01/26 06:20:09 PM train 100 0.053 98.27 99.99
01/26 06:20:12 PM train_acc 98.290000
01/26 06:20:13 PM train 000 0.047 98.44 100.00
01/26 06:20:17 PM train 100 0.048 98.50 100.00
01/26 06:20:21 PM train_acc 98.502000
01/26 06:20:22 PM train 000 0.038 98.44 100.00
01/26 06:20:26 PM train 100 0.046 98.58 100.00
01/26 06:20:30 PM train_acc 98.564000
01/26 06:20:31 PM valid epoch 436, valid_acc 91.37, best_acc 91.37
01/26 06:20:32 PM train 000 0.026 99.61 100.00
01/26 06:20:36 PM train 100 0.046 98.43 100.00
01/26 06:20:40 PM train_acc 98.560000
01/26 06:20:41 PM train 000 0.033 98.83 100.00
01/26 06:20:45 PM train 100 0.040 98.67 100.00
01/26 06:20:49 PM train_acc 98.702000
01/26 06:20:50 PM train 000 0.017 100.00 100.00
01/26 06:20:54 PM train 100 0.037 98.86 100.00
01/26 06:20:58 PM train_acc 98.864000
01/26 06:20:58 PM valid epoch 439, valid_acc 91.43, best_acc 91.43
01/26 06:20:59 PM train 000 0.026 98.83 100.00
01/26 06:21:03 PM train 100 0.038 98.84 100.00
01/26 06:21:07 PM train_acc 98.836000
01/26 06:21:08 PM valid epoch 440, valid_acc 91.51, best_acc 91.51
01/26 06:21:08 PM train 000 0.035 98.05 100.00
01/26 06:21:12 PM train 100 0.038 98.78 100.00
01/26 06:21:16 PM train_acc 98.890000
01/26 06:21:17 PM train 000 0.025 98.83 100.00
01/26 06:21:21 PM train 100 0.034 98.91 100.00
01/26 06:21:25 PM train_acc 98.958000
01/26 06:21:26 PM train 000 0.016 99.61 100.00
01/26 06:21:30 PM train 100 0.033 98.89 100.00
01/26 06:21:34 PM train_acc 98.978000
01/26 06:21:35 PM train 000 0.021 99.22 100.00
01/26 06:21:39 PM train 100 0.032 98.99 100.00
01/26 06:21:43 PM train_acc 99.028000
01/26 06:21:44 PM valid epoch 444, valid_acc 91.56, best_acc 91.56
01/26 06:21:44 PM train 000 0.020 100.00 100.00
01/26 06:21:48 PM train 100 0.031 98.98 100.00
01/26 06:21:52 PM train_acc 99.014000
01/26 06:21:53 PM valid epoch 445, valid_acc 91.57, best_acc 91.57
01/26 06:21:53 PM train 000 0.014 99.61 100.00
01/26 06:21:58 PM train 100 0.029 99.09 100.00
01/26 06:22:02 PM train_acc 99.150000
01/26 06:22:02 PM valid epoch 446, valid_acc 91.60, best_acc 91.60
01/26 06:22:03 PM train 000 0.020 99.22 100.00
01/26 06:22:07 PM train 100 0.027 99.13 100.00
01/26 06:22:11 PM train_acc 99.214000
01/26 06:22:12 PM valid epoch 447, valid_acc 91.86, best_acc 91.86
01/26 06:22:12 PM train 000 0.017 99.22 100.00
01/26 06:22:16 PM train 100 0.024 99.30 100.00
01/26 06:22:20 PM train_acc 99.350000
01/26 06:22:21 PM train 000 0.018 99.61 100.00
01/26 06:22:25 PM train 100 0.024 99.31 100.00
01/26 06:22:29 PM train_acc 99.316000
01/26 06:22:30 PM train 000 0.014 99.61 100.00
01/26 06:22:34 PM train 100 0.023 99.32 100.00
01/26 06:22:38 PM train_acc 99.378000
01/26 06:22:39 PM train 000 0.013 99.61 100.00
01/26 06:22:43 PM train 100 0.021 99.38 100.00
01/26 06:22:47 PM train_acc 99.442000
01/26 06:22:48 PM valid epoch 451, valid_acc 92.11, best_acc 92.11
01/26 06:22:48 PM train 000 0.007 100.00 100.00
01/26 06:22:52 PM train 100 0.021 99.39 99.99
01/26 06:22:56 PM train_acc 99.420000
01/26 06:22:57 PM train 000 0.020 99.61 100.00
01/26 06:23:01 PM train 100 0.021 99.40 100.00
01/26 06:23:05 PM train_acc 99.420000
01/26 06:23:06 PM train 000 0.011 100.00 100.00
01/26 06:23:10 PM train 100 0.018 99.56 100.00
01/26 06:23:14 PM train_acc 99.544000
01/26 06:23:15 PM train 000 0.016 99.61 100.00
01/26 06:23:19 PM train 100 0.017 99.55 100.00
01/26 06:23:23 PM train_acc 99.598000
01/26 06:23:24 PM valid epoch 455, valid_acc 92.13, best_acc 92.13
01/26 06:23:25 PM train 000 0.011 99.61 100.00
01/26 06:23:29 PM train 100 0.017 99.57 100.00
01/26 06:23:33 PM train_acc 99.630000
01/26 06:23:33 PM valid epoch 456, valid_acc 92.20, best_acc 92.20
01/26 06:23:34 PM train 000 0.006 100.00 100.00
01/26 06:23:38 PM train 100 0.015 99.64 100.00
01/26 06:23:42 PM train_acc 99.644000
01/26 06:23:42 PM valid epoch 457, valid_acc 92.30, best_acc 92.30
01/26 06:23:43 PM train 000 0.018 99.22 100.00
01/26 06:23:47 PM train 100 0.015 99.62 100.00
01/26 06:23:51 PM train_acc 99.624000
01/26 06:23:52 PM train 000 0.017 99.61 100.00
01/26 06:23:56 PM train 100 0.014 99.70 100.00
01/26 06:24:00 PM train_acc 99.672000
01/26 06:24:01 PM valid epoch 459, valid_acc 92.41, best_acc 92.41
01/26 06:24:01 PM train 000 0.016 99.22 100.00
01/26 06:24:05 PM train 100 0.013 99.73 100.00
01/26 06:24:09 PM train_acc 99.712000
01/26 06:24:10 PM valid epoch 460, valid_acc 92.46, best_acc 92.46
01/26 06:24:10 PM train 000 0.008 99.61 100.00
01/26 06:24:14 PM train 100 0.013 99.72 100.00
01/26 06:24:18 PM train_acc 99.724000
01/26 06:24:19 PM train 000 0.007 100.00 100.00
01/26 06:24:23 PM train 100 0.011 99.76 100.00
01/26 06:24:27 PM train_acc 99.772000
01/26 06:24:28 PM valid epoch 462, valid_acc 92.51, best_acc 92.51
01/26 06:24:28 PM train 000 0.005 100.00 100.00
01/26 06:24:32 PM train 100 0.011 99.76 100.00
01/26 06:24:36 PM train_acc 99.750000
01/26 06:24:37 PM train 000 0.006 100.00 100.00
01/26 06:24:41 PM train 100 0.012 99.72 100.00
01/26 06:24:45 PM train_acc 99.774000
01/26 06:24:46 PM train 000 0.005 100.00 100.00
01/26 06:24:50 PM train 100 0.010 99.83 100.00
01/26 06:24:54 PM train_acc 99.818000
01/26 06:24:55 PM train 000 0.006 100.00 100.00
01/26 06:24:59 PM train 100 0.011 99.78 100.00
01/26 06:25:03 PM train_acc 99.794000
01/26 06:25:04 PM train 000 0.003 100.00 100.00
01/26 06:25:08 PM train 100 0.009 99.84 100.00
01/26 06:25:12 PM train_acc 99.822000
01/26 06:25:13 PM valid epoch 467, valid_acc 92.67, best_acc 92.67
01/26 06:25:13 PM train 000 0.005 100.00 100.00
01/26 06:25:18 PM train 100 0.010 99.82 100.00
01/26 06:25:21 PM train_acc 99.820000
01/26 06:25:22 PM train 000 0.004 100.00 100.00
01/26 06:25:27 PM train 100 0.010 99.81 100.00
01/26 06:25:30 PM train_acc 99.856000
01/26 06:25:32 PM train 000 0.004 100.00 100.00
01/26 06:25:36 PM train 100 0.009 99.84 100.00
01/26 06:25:39 PM train_acc 99.852000
01/26 06:25:41 PM train 000 0.004 100.00 100.00
01/26 06:25:45 PM train 100 0.008 99.86 100.00
01/26 06:25:49 PM train_acc 99.870000
01/26 06:25:50 PM train 000 0.004 100.00 100.00
01/26 06:25:54 PM train 100 0.008 99.88 100.00
01/26 06:25:58 PM train_acc 99.864000
01/26 06:25:59 PM train 000 0.003 100.00 100.00
01/26 06:26:03 PM train 100 0.008 99.85 100.00
01/26 06:26:07 PM train_acc 99.856000
01/26 06:26:08 PM valid epoch 473, valid_acc 92.83, best_acc 92.83
01/26 06:26:08 PM train 000 0.011 99.22 100.00
01/26 06:26:12 PM train 100 0.008 99.86 100.00
01/26 06:26:16 PM train_acc 99.886000
01/26 06:26:17 PM train 000 0.004 100.00 100.00
01/26 06:26:21 PM train 100 0.008 99.90 100.00
01/26 06:26:25 PM train_acc 99.896000
01/26 06:26:26 PM train 000 0.004 100.00 100.00
01/26 06:26:30 PM train 100 0.008 99.90 100.00
01/26 06:26:34 PM train_acc 99.888000
01/26 06:26:35 PM train 000 0.005 100.00 100.00
01/26 06:26:39 PM train 100 0.007 99.91 100.00
01/26 06:26:43 PM train_acc 99.904000
01/26 06:26:44 PM train 000 0.005 100.00 100.00
01/26 06:26:49 PM train 100 0.008 99.89 100.00
01/26 06:26:52 PM train_acc 99.892000
01/26 06:26:53 PM train 000 0.003 100.00 100.00
01/26 06:26:58 PM train 100 0.007 99.89 100.00
01/26 06:27:01 PM train_acc 99.906000
01/26 06:27:03 PM train 000 0.004 100.00 100.00
01/26 06:27:07 PM train 100 0.007 99.90 100.00
01/26 06:27:11 PM train_acc 99.896000
01/26 06:27:12 PM train 000 0.006 100.00 100.00
01/26 06:27:16 PM train 100 0.007 99.89 100.00
01/26 06:27:20 PM train_acc 99.906000
01/26 06:27:21 PM train 000 0.003 100.00 100.00
01/26 06:27:25 PM train 100 0.007 99.90 100.00
01/26 06:27:29 PM train_acc 99.920000
01/26 06:27:30 PM train 000 0.004 100.00 100.00
01/26 06:27:34 PM train 100 0.007 99.93 100.00
01/26 06:27:38 PM train_acc 99.922000
01/26 06:27:39 PM valid epoch 483, valid_acc 92.86, best_acc 92.86
01/26 06:27:39 PM train 000 0.005 100.00 100.00
01/26 06:27:43 PM train 100 0.007 99.90 100.00
01/26 06:27:47 PM train_acc 99.908000
01/26 06:27:48 PM train 000 0.003 100.00 100.00
01/26 06:27:53 PM train 100 0.006 99.93 100.00
01/26 06:27:56 PM train_acc 99.928000
01/26 06:27:57 PM valid epoch 485, valid_acc 92.91, best_acc 92.91
01/26 06:27:58 PM train 000 0.005 100.00 100.00
01/26 06:28:02 PM train 100 0.006 99.92 100.00
01/26 06:28:06 PM train_acc 99.928000
01/26 06:28:07 PM train 000 0.009 100.00 100.00
01/26 06:28:11 PM train 100 0.007 99.88 100.00
01/26 06:28:15 PM train_acc 99.906000
01/26 06:28:16 PM train 000 0.004 100.00 100.00
01/26 06:28:20 PM train 100 0.006 99.94 100.00
01/26 06:28:24 PM train_acc 99.932000
01/26 06:28:25 PM train 000 0.003 100.00 100.00
01/26 06:28:29 PM train 100 0.006 99.91 100.00
01/26 06:28:33 PM train_acc 99.920000
01/26 06:28:34 PM train 000 0.004 100.00 100.00
01/26 06:28:38 PM train 100 0.007 99.90 100.00
01/26 06:28:42 PM train_acc 99.918000
01/26 06:28:43 PM train 000 0.009 100.00 100.00
01/26 06:28:47 PM train 100 0.007 99.92 100.00
01/26 06:28:51 PM train_acc 99.934000
01/26 06:28:52 PM train 000 0.002 100.00 100.00
01/26 06:28:56 PM train 100 0.007 99.92 100.00
01/26 06:29:00 PM train_acc 99.916000
01/26 06:29:01 PM train 000 0.004 100.00 100.00
01/26 06:29:05 PM train 100 0.006 99.95 100.00
01/26 06:29:09 PM train_acc 99.928000
01/26 06:29:10 PM train 000 0.004 100.00 100.00
01/26 06:29:14 PM train 100 0.006 99.92 100.00
01/26 06:29:18 PM train_acc 99.928000
01/26 06:29:19 PM train 000 0.004 100.00 100.00
01/26 06:29:23 PM train 100 0.006 99.93 100.00
01/26 06:29:27 PM train_acc 99.934000
01/26 06:29:29 PM train 000 0.004 100.00 100.00
01/26 06:29:33 PM train 100 0.006 99.92 100.00
01/26 06:29:36 PM train_acc 99.920000
01/26 06:29:38 PM train 000 0.003 100.00 100.00
01/26 06:29:42 PM train 100 0.006 99.93 100.00
01/26 06:29:46 PM train_acc 99.924000
01/26 06:29:47 PM train 000 0.003 100.00 100.00
01/26 06:29:51 PM train 100 0.006 99.93 100.00
01/26 06:29:55 PM train_acc 99.928000
01/26 06:29:56 PM train 000 0.007 100.00 100.00
01/26 06:30:00 PM train 100 0.006 99.95 100.00
01/26 06:30:04 PM train_acc 99.950000
